INFO:root:Epoch: 1/10, Train Loss: 3.36299428, Val Loss: 0.28358194, Val Accuracy: 0.91083333, Bias aligned accuracy: 0.6700833333333334, Bias conflicting accuracy: 0.026916666666666665
INFO:root:Epoch 1 training time: 50.66 seconds
INFO:root:Saving Model State
INFO:root:Epoch: 2/10, Train Loss: 0.83123667, Val Loss: 0.15957720, Val Accuracy: 0.95350000, Bias aligned accuracy: 0.7585, Bias conflicting accuracy: 0.03808333333333333
INFO:root:Epoch 2 training time: 48.32 seconds
INFO:root:Saving Model State
INFO:root:Epoch: 3/10, Train Loss: 0.53169393, Val Loss: 0.12585310, Val Accuracy: 0.96241667, Bias aligned accuracy: 0.7698333333333334, Bias conflicting accuracy: 0.018416666666666668
INFO:root:Epoch 3 training time: 47.85 seconds
INFO:root:Saving Model State
INFO:root:Epoch: 4/10, Train Loss: 0.40623620, Val Loss: 0.10351029, Val Accuracy: 0.96916667, Bias aligned accuracy: 0.85825, Bias conflicting accuracy: 0.02808333333333333
INFO:root:Epoch 4 training time: 47.49 seconds
INFO:root:Saving Model State
INFO:root:Epoch: 5/10, Train Loss: 0.32119530, Val Loss: 0.09450105, Val Accuracy: 0.97083333, Bias aligned accuracy: 0.9323333333333333, Bias conflicting accuracy: 0.017833333333333333
INFO:root:Epoch 5 training time: 47.39 seconds
INFO:root:Saving Model State
INFO:root:Epoch: 6/10, Train Loss: 0.27694270, Val Loss: 0.08779432, Val Accuracy: 0.97291667, Bias aligned accuracy: 0.957, Bias conflicting accuracy: 0.024416666666666666
INFO:root:Epoch 6 training time: 47.64 seconds
INFO:root:Saving Model State
INFO:root:Epoch: 7/10, Train Loss: 0.23828631, Val Loss: 0.08612888, Val Accuracy: 0.97358333, Bias aligned accuracy: 0.9620833333333333, Bias conflicting accuracy: 0.030083333333333333
INFO:root:Epoch 7 training time: 47.51 seconds
INFO:root:Saving Model State
INFO:root:Epoch: 8/10, Train Loss: 0.20400933, Val Loss: 0.07859135, Val Accuracy: 0.97558333, Bias aligned accuracy: 0.9898333333333333, Bias conflicting accuracy: 0.010583333333333333
INFO:root:Epoch 8 training time: 47.42 seconds
INFO:root:Saving Model State
INFO:root:Epoch: 9/10, Train Loss: 0.18136050, Val Loss: 0.08277358, Val Accuracy: 0.97383333, Bias aligned accuracy: 0.9905, Bias conflicting accuracy: 0.013583333333333333
INFO:root:Epoch 9 training time: 47.64 seconds
INFO:root:Epoch: 10/10, Train Loss: 0.16043323, Val Loss: 0.07197741, Val Accuracy: 0.97800000, Bias aligned accuracy: 0.9936666666666667, Bias conflicting accuracy: 0.01225
INFO:root:Epoch 10 training time: 73.94 seconds
INFO:root:Saving Model State
INFO:root:Total training time: 505.96 seconds
INFO:root:Total data transferred: 16.11 MB
INFO:root:Average CPU usage: 0.61%
INFO:root:Average memory usage: 85.40%
INFO:root:Bias-Aligned Test accuracy 0.99150000
INFO:root:Bias-Neutral Test accuracy 0.98040000
INFO:root:Bias-Conflicting Test accuracy 0.01340000
INFO:root:cMNIST C Test accuracy 0.09830000
