2024-07-19 11:16:33,726 - INFO - Client 1, Local Training Accuracy: 0.10966667
2024-07-19 11:16:48,481 - INFO - Client 2, Local Training Accuracy: 0.96533333
2024-07-19 11:17:04,019 - INFO - Client 3, Local Training Accuracy: 0.96966667
2024-07-19 11:17:18,891 - INFO - Client 4, Local Training Accuracy: 0.96066667
2024-07-19 11:17:18,891 - INFO - Epoch 1 time: 59.64 seconds
2024-07-19 11:17:23,903 - INFO - Epoch: 1, Train Loss: 4.38966449, Val Loss: 0.50488144, Val Accuracy: 0.95660000
2024-07-19 11:17:39,889 - INFO - Client 1, Local Training Accuracy: 0.30733333
2024-07-19 11:17:55,332 - INFO - Client 2, Local Training Accuracy: 0.97233333
2024-07-19 11:18:10,414 - INFO - Client 3, Local Training Accuracy: 0.96966667
2024-07-19 11:18:25,778 - INFO - Client 4, Local Training Accuracy: 0.97133333
2024-07-19 11:18:25,778 - INFO - Epoch 2 time: 61.70 seconds
2024-07-19 11:18:30,306 - INFO - Epoch: 2, Train Loss: 3.18508261, Val Loss: 0.09625396, Val Accuracy: 0.97070000
2024-07-19 11:18:45,302 - INFO - Client 1, Local Training Accuracy: 0.29233333
2024-07-19 11:19:00,227 - INFO - Client 2, Local Training Accuracy: 0.97366667
2024-07-19 11:19:14,929 - INFO - Client 3, Local Training Accuracy: 0.97000000
2024-07-19 11:19:29,761 - INFO - Client 4, Local Training Accuracy: 0.97133333
2024-07-19 11:19:29,761 - INFO - Epoch 3 time: 59.45 seconds
2024-07-19 11:19:33,961 - INFO - Epoch: 3, Train Loss: 2.92107368, Val Loss: 0.08434100, Val Accuracy: 0.97230000
2024-07-19 11:19:48,540 - INFO - Client 1, Local Training Accuracy: 0.24866667
2024-07-19 11:20:03,481 - INFO - Client 2, Local Training Accuracy: 0.97700000
2024-07-19 11:20:18,233 - INFO - Client 3, Local Training Accuracy: 0.97800000
2024-07-19 11:20:33,925 - INFO - Client 4, Local Training Accuracy: 0.97433333
2024-07-19 11:20:33,925 - INFO - Epoch 4 time: 59.96 seconds
2024-07-19 11:20:38,154 - INFO - Epoch: 4, Train Loss: 2.76074371, Val Loss: 0.07756720, Val Accuracy: 0.97540000
2024-07-19 11:20:52,860 - INFO - Client 1, Local Training Accuracy: 0.25600000
2024-07-19 11:21:09,308 - INFO - Client 2, Local Training Accuracy: 0.97600000
2024-07-19 11:21:24,611 - INFO - Client 3, Local Training Accuracy: 0.97666667
2024-07-19 11:21:39,674 - INFO - Client 4, Local Training Accuracy: 0.97800000
2024-07-19 11:21:39,675 - INFO - Epoch 5 time: 61.52 seconds
2024-07-19 11:21:43,904 - INFO - Epoch: 5, Train Loss: 2.64643097, Val Loss: 0.07224693, Val Accuracy: 0.97720000
2024-07-19 11:21:58,959 - INFO - Client 1, Local Training Accuracy: 0.28400000
2024-07-19 11:22:14,169 - INFO - Client 2, Local Training Accuracy: 0.97700000
2024-07-19 11:22:29,813 - INFO - Client 3, Local Training Accuracy: 0.97466667
2024-07-19 11:22:45,043 - INFO - Client 4, Local Training Accuracy: 0.97466667
2024-07-19 11:22:45,043 - INFO - Epoch 6 time: 61.09 seconds
2024-07-19 11:22:49,304 - INFO - Epoch: 6, Train Loss: 2.56374167, Val Loss: 0.07425820, Val Accuracy: 0.97480000
2024-07-19 11:23:04,338 - INFO - Client 1, Local Training Accuracy: 0.30300000
2024-07-19 11:23:19,520 - INFO - Client 2, Local Training Accuracy: 0.97966667
2024-07-19 11:23:35,084 - INFO - Client 3, Local Training Accuracy: 0.97900000
2024-07-19 11:23:50,862 - INFO - Client 4, Local Training Accuracy: 0.97366667
2024-07-19 11:23:50,862 - INFO - Epoch 7 time: 61.56 seconds
2024-07-19 11:23:55,097 - INFO - Epoch: 7, Train Loss: 2.48593175, Val Loss: 0.07707746, Val Accuracy: 0.97440000
2024-07-19 11:24:11,769 - INFO - Client 1, Local Training Accuracy: 0.33333333
2024-07-19 11:24:31,564 - INFO - Client 2, Local Training Accuracy: 0.97600000
2024-07-19 11:25:10,306 - INFO - Client 3, Local Training Accuracy: 0.97033333
2024-07-19 11:25:25,558 - INFO - Client 4, Local Training Accuracy: 0.97700000
2024-07-19 11:25:25,558 - INFO - Epoch 8 time: 90.46 seconds
2024-07-19 11:25:30,201 - INFO - Epoch: 8, Train Loss: 2.44486564, Val Loss: 0.05998849, Val Accuracy: 0.98110000
2024-07-19 11:25:45,649 - INFO - Client 1, Local Training Accuracy: 0.35400000
2024-07-19 11:26:01,065 - INFO - Client 2, Local Training Accuracy: 0.97666667
2024-07-19 11:26:16,182 - INFO - Client 3, Local Training Accuracy: 0.97800000
2024-07-19 11:26:31,510 - INFO - Client 4, Local Training Accuracy: 0.97166667
2024-07-19 11:26:31,510 - INFO - Epoch 9 time: 61.30 seconds
2024-07-19 11:26:35,809 - INFO - Epoch: 9, Train Loss: 2.39429286, Val Loss: 0.06781849, Val Accuracy: 0.97830000
2024-07-19 11:26:51,219 - INFO - Client 1, Local Training Accuracy: 0.27433333
2024-07-19 11:27:06,525 - INFO - Client 2, Local Training Accuracy: 0.97800000
2024-07-19 11:27:21,955 - INFO - Client 3, Local Training Accuracy: 0.97433333
2024-07-19 11:27:38,077 - INFO - Client 4, Local Training Accuracy: 0.97300000
2024-07-19 11:27:38,078 - INFO - Epoch 10 time: 62.27 seconds
2024-07-19 11:27:42,304 - INFO - Epoch: 10, Train Loss: 2.38525988, Val Loss: 0.07099523, Val Accuracy: 0.97680000
2024-07-19 11:28:00,911 - INFO - IID Test Loss: 0.17626616, IID Test Accuracy: 0.98240000
2024-07-19 11:28:04,982 - INFO - Bias-Neutral Test Loss: 0.07099523, Bias-Neutral Test Accuracy: 0.97680000
2024-07-19 11:28:09,832 - INFO - Bias-Conflicting Test Loss: 0.34258803, Bias-Conflicting Test Accuracy: 0.93620000
2024-07-19 11:28:19,920 - INFO - Total training time: 757.78 seconds
2024-07-19 11:28:19,920 - INFO - Total data transferred: 64.43 MB
2024-07-19 11:28:19,920 - INFO - Average CPU usage: 0.91%
2024-07-19 11:28:19,921 - INFO - Average memory usage: 89.40%
