INFO:root:Epoch: 1/10, Train Loss: 5.12177289, Val Loss: 0.19401061, Val Accuracy: 0.94150000, Bias aligned accuracy: 0.023833333333333335, Bias conflicting accuracy: 0.856
INFO:root:Epoch 1 training time: 49.76 seconds
INFO:root:Saving Model State
INFO:root:Epoch: 2/10, Train Loss: 1.67553763, Val Loss: 0.12480279, Val Accuracy: 0.96133333, Bias aligned accuracy: 0.22358333333333333, Bias conflicting accuracy: 0.8428333333333333
INFO:root:Epoch 2 training time: 49.76 seconds
INFO:root:Saving Model State
INFO:root:Epoch: 3/10, Train Loss: 0.99098415, Val Loss: 0.09299104, Val Accuracy: 0.97091667, Bias aligned accuracy: 0.6089166666666667, Bias conflicting accuracy: 0.9295833333333333
INFO:root:Epoch 3 training time: 48.70 seconds
INFO:root:Saving Model State
INFO:root:Epoch: 4/10, Train Loss: 0.76495617, Val Loss: 0.08807397, Val Accuracy: 0.97358333, Bias aligned accuracy: 0.704, Bias conflicting accuracy: 0.9675833333333334
INFO:root:Epoch 4 training time: 49.09 seconds
INFO:root:Saving Model State
INFO:root:Epoch: 5/10, Train Loss: 0.60806132, Val Loss: 0.07332519, Val Accuracy: 0.97766667, Bias aligned accuracy: 0.79725, Bias conflicting accuracy: 0.98475
INFO:root:Epoch 5 training time: 49.81 seconds
INFO:root:Saving Model State
INFO:root:Epoch: 6/10, Train Loss: 0.49761021, Val Loss: 0.08551347, Val Accuracy: 0.97441667, Bias aligned accuracy: 0.8408333333333333, Bias conflicting accuracy: 0.98575
INFO:root:Epoch 6 training time: 49.13 seconds
INFO:root:Epoch: 7/10, Train Loss: 0.44921985, Val Loss: 0.06473542, Val Accuracy: 0.98125000, Bias aligned accuracy: 0.933, Bias conflicting accuracy: 0.9920833333333333
INFO:root:Epoch 7 training time: 49.40 seconds
INFO:root:Saving Model State
INFO:root:Epoch: 8/10, Train Loss: 0.37041911, Val Loss: 0.06734793, Val Accuracy: 0.98000000, Bias aligned accuracy: 0.93075, Bias conflicting accuracy: 0.9944166666666666
INFO:root:Epoch 8 training time: 52.41 seconds
INFO:root:Epoch: 9/10, Train Loss: 0.34560238, Val Loss: 0.05638501, Val Accuracy: 0.98425000, Bias aligned accuracy: 0.9515, Bias conflicting accuracy: 0.99725
INFO:root:Epoch 9 training time: 49.61 seconds
INFO:root:Saving Model State
INFO:root:Epoch: 10/10, Train Loss: 0.28784863, Val Loss: 0.05748614, Val Accuracy: 0.98350000, Bias aligned accuracy: 0.9655833333333333, Bias conflicting accuracy: 0.9970833333333333
INFO:root:Epoch 10 training time: 90.89 seconds
INFO:root:Total training time: 538.77 seconds
INFO:root:Total data transferred: 16.11 MB
INFO:root:Average CPU usage: 1.14%
INFO:root:Average memory usage: 90.00%
INFO:root:Bias-Aligned Test accuracy 0.97160000
INFO:root:Bias-Neutral Test accuracy 0.98410000
INFO:root:Bias-Conflicting Test accuracy 0.99590000
INFO:root:cMNIST C Test accuracy 0.43730000
