INFO:root:Epoch: 1/10, Train Loss: 4.47204104, Val Loss: 0.12194435, Val Accuracy: 0.96350000, Bias aligned accuracy: 0.782, Bias conflicting accuracy: 0.09283333333333334
INFO:root:Epoch 1 training time: 49.26 seconds
INFO:root:Saving Model State
INFO:root:Epoch: 2/10, Train Loss: 1.12765884, Val Loss: 0.07930833, Val Accuracy: 0.97716667, Bias aligned accuracy: 0.8823333333333333, Bias conflicting accuracy: 0.10483333333333333
INFO:root:Epoch 2 training time: 47.64 seconds
INFO:root:Saving Model State
INFO:root:Epoch: 3/10, Train Loss: 0.81192401, Val Loss: 0.06210460, Val Accuracy: 0.98166667, Bias aligned accuracy: 0.9518333333333333, Bias conflicting accuracy: 0.12583333333333332
INFO:root:Epoch 3 training time: 47.39 seconds
INFO:root:Saving Model State
INFO:root:Epoch: 4/10, Train Loss: 0.63424959, Val Loss: 0.05796324, Val Accuracy: 0.98108333, Bias aligned accuracy: 0.985, Bias conflicting accuracy: 0.15583333333333332
INFO:root:Epoch 4 training time: 47.57 seconds
INFO:root:Saving Model State
INFO:root:Epoch: 5/10, Train Loss: 0.50512806, Val Loss: 0.04611362, Val Accuracy: 0.98600000, Bias aligned accuracy: 0.978, Bias conflicting accuracy: 0.17833333333333334
INFO:root:Epoch 5 training time: 49.23 seconds
INFO:root:Saving Model State
INFO:root:Epoch: 6/10, Train Loss: 0.45536019, Val Loss: 0.04397423, Val Accuracy: 0.98716667, Bias aligned accuracy: 0.9765833333333334, Bias conflicting accuracy: 0.173
INFO:root:Epoch 6 training time: 47.28 seconds
INFO:root:Saving Model State
INFO:root:Epoch: 7/10, Train Loss: 0.37894958, Val Loss: 0.04592770, Val Accuracy: 0.98491667, Bias aligned accuracy: 0.9950833333333333, Bias conflicting accuracy: 0.22191666666666668
INFO:root:Epoch 7 training time: 47.04 seconds
INFO:root:Epoch: 8/10, Train Loss: 0.33838869, Val Loss: 0.03925437, Val Accuracy: 0.98716667, Bias aligned accuracy: 0.9960833333333333, Bias conflicting accuracy: 0.22316666666666668
INFO:root:Epoch 8 training time: 48.09 seconds
INFO:root:Saving Model State
INFO:root:Epoch: 9/10, Train Loss: 0.30307272, Val Loss: 0.03950601, Val Accuracy: 0.98808333, Bias aligned accuracy: 0.9951666666666666, Bias conflicting accuracy: 0.22741666666666666
INFO:root:Epoch 9 training time: 47.19 seconds
INFO:root:Epoch: 10/10, Train Loss: 0.26124582, Val Loss: 0.03846478, Val Accuracy: 0.98741667, Bias aligned accuracy: 0.9960833333333333, Bias conflicting accuracy: 0.2095
INFO:root:Epoch 10 training time: 47.70 seconds
INFO:root:Saving Model State
INFO:root:Total training time: 478.74 seconds
INFO:root:Total data transferred: 16.11 MB
INFO:root:Average CPU usage: 2.44%
INFO:root:Average memory usage: 83.90%
INFO:root:Bias-Aligned Test accuracy 0.99720000
INFO:root:Bias-Neutral Test accuracy 0.98790000
INFO:root:Bias-Conflicting Test accuracy 0.21180000
INFO:root:cMNIST C Test accuracy 0.53670000
