INFO:root:Epoch: 1/10, Train Loss: 2.11208675, Val Loss: 0.11082932, Val Accuracy: 0.96675000, Bias aligned accuracy: 0.8201666666666667, Bias conflicting accuracy: 0.32375
INFO:root:Epoch 1 training time: 80.89 seconds
INFO:root:Saving Model State
INFO:root:Epoch: 2/10, Train Loss: 0.63922416, Val Loss: 0.05976616, Val Accuracy: 0.98325000, Bias aligned accuracy: 0.95375, Bias conflicting accuracy: 0.1725
INFO:root:Epoch 2 training time: 80.37 seconds
INFO:root:Saving Model State
INFO:root:Epoch: 3/10, Train Loss: 0.41500211, Val Loss: 0.04999170, Val Accuracy: 0.98600000, Bias aligned accuracy: 0.9970833333333333, Bias conflicting accuracy: 0.19491666666666665
INFO:root:Epoch 3 training time: 78.29 seconds
INFO:root:Saving Model State
INFO:root:Epoch: 4/10, Train Loss: 0.29595424, Val Loss: 0.06380139, Val Accuracy: 0.98366667, Bias aligned accuracy: 0.9314166666666667, Bias conflicting accuracy: 0.17441666666666666
INFO:root:Epoch 4 training time: 78.64 seconds
INFO:root:Epoch: 5/10, Train Loss: 0.24436125, Val Loss: 0.05820554, Val Accuracy: 0.98508333, Bias aligned accuracy: 1.0, Bias conflicting accuracy: 0.15183333333333332
INFO:root:Epoch 5 training time: 77.43 seconds
INFO:root:Epoch: 6/10, Train Loss: 0.20341840, Val Loss: 0.05253422, Val Accuracy: 0.98558333, Bias aligned accuracy: 0.9999166666666667, Bias conflicting accuracy: 0.11566666666666667
INFO:root:Epoch 6 training time: 77.26 seconds
INFO:root:Epoch: 7/10, Train Loss: 0.18417887, Val Loss: 0.06178860, Val Accuracy: 0.98558333, Bias aligned accuracy: 0.99975, Bias conflicting accuracy: 0.10183333333333333
INFO:root:Epoch 7 training time: 77.16 seconds
INFO:root:Epoch: 8/10, Train Loss: 0.14156582, Val Loss: 0.05215227, Val Accuracy: 0.98741667, Bias aligned accuracy: 1.0, Bias conflicting accuracy: 0.007083333333333333
INFO:root:Epoch 8 training time: 77.87 seconds
INFO:root:Epoch: 9/10, Train Loss: 0.13878708, Val Loss: 0.05092240, Val Accuracy: 0.98816667, Bias aligned accuracy: 1.0, Bias conflicting accuracy: 0.01975
INFO:root:Epoch 9 training time: 78.31 seconds
INFO:root:Epoch: 10/10, Train Loss: 0.12250603, Val Loss: 0.05827645, Val Accuracy: 0.98966667, Bias aligned accuracy: 1.0, Bias conflicting accuracy: 0.010166666666666666
INFO:root:Epoch 10 training time: 78.27 seconds
INFO:root:Total training time: 784.65 seconds
INFO:root:Total data transferred: 16.11 MB
INFO:root:Average CPU usage: 0.97%
INFO:root:Average memory usage: 78.40%
INFO:root:Bias-Aligned Test accuracy 1.00000000
INFO:root:Bias-Neutral Test accuracy 0.98870000
INFO:root:Bias-Conflicting Test accuracy 0.00990000
INFO:root:cMNIST C Test accuracy 0.11810000
