2024-07-19 12:42:20,021 - INFO - Client 1, Local Training Accuracy: 0.97000000
2024-07-19 12:42:34,014 - INFO - Client 2, Local Training Accuracy: 0.96533333
2024-07-19 12:42:48,797 - INFO - Client 3, Local Training Accuracy: 0.15266667
2024-07-19 12:43:03,035 - INFO - Client 4, Local Training Accuracy: 0.16766667
2024-07-19 12:43:03,035 - INFO - Epoch 1 time: 57.28 seconds
2024-07-19 12:43:07,208 - INFO - Epoch: 1, Train Loss: 3.89727503, Val Loss: 1.63246058, Val Accuracy: 0.39510000
2024-07-19 12:43:22,176 - INFO - Client 1, Local Training Accuracy: 0.97133333
2024-07-19 12:43:36,802 - INFO - Client 2, Local Training Accuracy: 0.97266667
2024-07-19 12:43:51,012 - INFO - Client 3, Local Training Accuracy: 0.15000000
2024-07-19 12:44:05,497 - INFO - Client 4, Local Training Accuracy: 0.18466667
2024-07-19 12:44:05,497 - INFO - Epoch 2 time: 58.28 seconds
2024-07-19 12:44:09,781 - INFO - Epoch: 2, Train Loss: 2.79802232, Val Loss: 0.83298977, Val Accuracy: 0.67310000
2024-07-19 12:44:24,320 - INFO - Client 1, Local Training Accuracy: 0.97433333
2024-07-19 12:44:39,306 - INFO - Client 2, Local Training Accuracy: 0.96733333
2024-07-19 12:44:53,797 - INFO - Client 3, Local Training Accuracy: 0.15933333
2024-07-19 12:45:08,438 - INFO - Client 4, Local Training Accuracy: 0.17933333
2024-07-19 12:45:08,439 - INFO - Epoch 3 time: 58.65 seconds
2024-07-19 12:45:12,643 - INFO - Epoch: 3, Train Loss: 2.47431146, Val Loss: 0.41772013, Val Accuracy: 0.87230000
2024-07-19 12:45:27,208 - INFO - Client 1, Local Training Accuracy: 0.97533333
2024-07-19 12:45:42,030 - INFO - Client 2, Local Training Accuracy: 0.97500000
2024-07-19 12:45:56,300 - INFO - Client 3, Local Training Accuracy: 0.13066667
2024-07-19 12:46:10,966 - INFO - Client 4, Local Training Accuracy: 0.16933333
2024-07-19 12:46:10,966 - INFO - Epoch 4 time: 58.31 seconds
2024-07-19 12:46:15,133 - INFO - Epoch: 4, Train Loss: 2.36399874, Val Loss: 0.50703270, Val Accuracy: 0.82850000
2024-07-19 12:46:29,677 - INFO - Client 1, Local Training Accuracy: 0.97566667
2024-07-19 12:46:44,554 - INFO - Client 2, Local Training Accuracy: 0.97066667
2024-07-19 12:46:59,166 - INFO - Client 3, Local Training Accuracy: 0.11266667
2024-07-19 12:47:14,000 - INFO - Client 4, Local Training Accuracy: 0.13366667
2024-07-19 12:47:14,000 - INFO - Epoch 5 time: 58.87 seconds
2024-07-19 12:47:18,134 - INFO - Epoch: 5, Train Loss: 2.26504916, Val Loss: 0.47330240, Val Accuracy: 0.83810000
2024-07-19 12:47:32,704 - INFO - Client 1, Local Training Accuracy: 0.97966667
2024-07-19 12:47:48,339 - INFO - Client 2, Local Training Accuracy: 0.97066667
2024-07-19 12:48:02,744 - INFO - Client 3, Local Training Accuracy: 0.10766667
2024-07-19 12:48:17,490 - INFO - Client 4, Local Training Accuracy: 0.13333333
2024-07-19 12:48:17,491 - INFO - Epoch 6 time: 59.36 seconds
2024-07-19 12:48:21,570 - INFO - Epoch: 6, Train Loss: 2.21433849, Val Loss: 0.58604816, Val Accuracy: 0.78730000
2024-07-19 12:48:36,033 - INFO - Client 1, Local Training Accuracy: 0.97900000
2024-07-19 12:48:50,735 - INFO - Client 2, Local Training Accuracy: 0.97333333
2024-07-19 12:49:05,186 - INFO - Client 3, Local Training Accuracy: 0.10833333
2024-07-19 12:49:20,175 - INFO - Client 4, Local Training Accuracy: 0.15300000
2024-07-19 12:49:20,175 - INFO - Epoch 7 time: 58.60 seconds
2024-07-19 12:49:24,301 - INFO - Epoch: 7, Train Loss: 2.14382151, Val Loss: 0.47103856, Val Accuracy: 0.84620000
2024-07-19 12:49:39,109 - INFO - Client 1, Local Training Accuracy: 0.97566667
2024-07-19 12:49:53,815 - INFO - Client 2, Local Training Accuracy: 0.97133333
2024-07-19 12:50:08,404 - INFO - Client 3, Local Training Accuracy: 0.09400000
2024-07-19 12:50:23,347 - INFO - Client 4, Local Training Accuracy: 0.10966667
2024-07-19 12:50:23,347 - INFO - Epoch 8 time: 59.04 seconds
2024-07-19 12:50:27,469 - INFO - Epoch: 8, Train Loss: 2.10286254, Val Loss: 0.60175106, Val Accuracy: 0.78170000
2024-07-19 12:50:42,028 - INFO - Client 1, Local Training Accuracy: 0.97666667
2024-07-19 12:50:56,690 - INFO - Client 2, Local Training Accuracy: 0.97300000
2024-07-19 12:51:11,282 - INFO - Client 3, Local Training Accuracy: 0.10833333
2024-07-19 12:51:26,114 - INFO - Client 4, Local Training Accuracy: 0.11833333
2024-07-19 12:51:26,115 - INFO - Epoch 9 time: 58.64 seconds
2024-07-19 12:51:30,196 - INFO - Epoch: 9, Train Loss: 2.08187694, Val Loss: 0.84616730, Val Accuracy: 0.67360000
2024-07-19 12:51:46,671 - INFO - Client 1, Local Training Accuracy: 0.97800000
2024-07-19 12:52:01,568 - INFO - Client 2, Local Training Accuracy: 0.97300000
2024-07-19 12:52:16,540 - INFO - Client 3, Local Training Accuracy: 0.13400000
2024-07-19 12:52:31,792 - INFO - Client 4, Local Training Accuracy: 0.10533333
2024-07-19 12:52:31,793 - INFO - Epoch 10 time: 61.60 seconds
2024-07-19 12:52:35,929 - INFO - Epoch: 10, Train Loss: 2.07633714, Val Loss: 0.92790682, Val Accuracy: 0.62040000
2024-07-19 12:52:51,734 - INFO - IID Test Loss: 0.08876639, IID Test Accuracy: 0.99910000
2024-07-19 12:52:55,965 - INFO - Bias-Neutral Test Loss: 0.92790682, Bias-Neutral Test Accuracy: 0.62040000
2024-07-19 12:53:00,506 - INFO - Bias-Conflicting Test Loss: 4.04440959, Bias-Conflicting Test Accuracy: 0.15900000
2024-07-19 12:53:10,610 - INFO - Total training time: 698.13 seconds
2024-07-19 12:53:10,610 - INFO - Total data transferred: 64.43 MB
2024-07-19 12:53:10,610 - INFO - Average CPU usage: 1.95%
2024-07-19 12:53:10,610 - INFO - Average memory usage: 84.70%
