INFO:root:Epoch: 1/10, Train Loss: 3.38854023, Val Loss: 0.20490075, Val Accuracy: 0.93841667
INFO:root:Epoch 1 training time: 139.03 seconds
INFO:root:Saving Model State
INFO:root:Epoch: 2/10, Train Loss: 2.64182978, Val Loss: 0.13126352, Val Accuracy: 0.96100000
INFO:root:Epoch 2 training time: 180.50 seconds
INFO:root:Saving Model State
INFO:root:Epoch: 3/10, Train Loss: 2.32105304, Val Loss: 0.12404727, Val Accuracy: 0.96250000
INFO:root:Epoch 3 training time: 184.96 seconds
INFO:root:Saving Model State
INFO:root:Epoch: 4/10, Train Loss: 2.23771352, Val Loss: 0.12772128, Val Accuracy: 0.96108333
INFO:root:Epoch 4 training time: 187.55 seconds
INFO:root:Epoch: 5/10, Train Loss: 2.16014690, Val Loss: 0.12003388, Val Accuracy: 0.96425000
INFO:root:Epoch 5 training time: 191.22 seconds
INFO:root:Saving Model State
INFO:root:Epoch: 6/10, Train Loss: 2.10790637, Val Loss: 0.12641160, Val Accuracy: 0.96083333
INFO:root:Epoch 6 training time: 192.07 seconds
INFO:root:Epoch: 7/10, Train Loss: 2.06601848, Val Loss: 0.11457882, Val Accuracy: 0.96641667
INFO:root:Epoch 7 training time: 184.15 seconds
INFO:root:Saving Model State
INFO:root:Epoch: 8/10, Train Loss: 2.06127669, Val Loss: 0.11597677, Val Accuracy: 0.96408333
INFO:root:Epoch 8 training time: 182.01 seconds
INFO:root:Epoch: 9/10, Train Loss: 2.02251365, Val Loss: 0.11845572, Val Accuracy: 0.96483333
INFO:root:Epoch 9 training time: 179.62 seconds
INFO:root:Epoch: 10/10, Train Loss: 2.03046763, Val Loss: 0.10851038, Val Accuracy: 0.96891667
INFO:root:Epoch 10 training time: 176.68 seconds
INFO:root:Saving Model State
INFO:root:Total training time: 1797.83 seconds
INFO:root:Total data transferred: 16.11 MB
INFO:root:Average CPU usage: 0.94%
INFO:root:Average memory usage: 83.80%
INFO:root:Bias-Aligned Test accuracy 0.92250000
INFO:root:Bias-Neutral Test accuracy 0.97010000
INFO:root:Bias-Conflicting Test accuracy 0.65840000
