2024-08-30 23:48:29,813 - INFO - Client 1, Local Training Accuracy: 0.20800000
2024-08-30 23:48:39,731 - INFO - Client 2, Local Training Accuracy: 0.22000000
2024-08-30 23:48:49,370 - INFO - Client 3, Local Training Accuracy: 0.21200000
2024-08-30 23:52:32,584 - INFO - Client 4, Local Training Accuracy: 0.15166667
2024-08-30 23:52:32,584 - INFO - Epoch 1 time: 253.37 seconds
2024-08-30 23:53:44,877 - INFO - Epoch: 1, Train Loss: 7.78582947, Val Loss: 6.03112159, Val Accuracy: 0.25680000, Bias aligned accuracy: 1.0000, Bias conflicting accuracy: 0.0000
2024-08-30 23:53:55,842 - INFO - Client 1, Local Training Accuracy: 0.20066667
2024-08-30 23:54:05,453 - INFO - Client 2, Local Training Accuracy: 0.23500000
2024-08-30 23:54:15,399 - INFO - Client 3, Local Training Accuracy: 0.24733333
2024-08-30 23:54:25,461 - INFO - Client 4, Local Training Accuracy: 0.23333333
2024-08-30 23:54:25,461 - INFO - Epoch 2 time: 39.66 seconds
2024-08-30 23:54:37,518 - INFO - Epoch: 2, Train Loss: 1.94968195, Val Loss: 7.92412121, Val Accuracy: 0.23010000, Bias aligned accuracy: 1.0000, Bias conflicting accuracy: 0.0000
2024-08-30 23:54:47,754 - INFO - Client 1, Local Training Accuracy: 0.20833333
2024-08-30 23:54:58,052 - INFO - Client 2, Local Training Accuracy: 0.19933333
2024-08-30 23:55:08,335 - INFO - Client 3, Local Training Accuracy: 0.18266667
2024-08-30 23:55:18,345 - INFO - Client 4, Local Training Accuracy: 0.19766667
2024-08-30 23:55:18,345 - INFO - Epoch 3 time: 40.83 seconds
2024-08-30 23:55:30,311 - INFO - Epoch: 3, Train Loss: 1.85332895, Val Loss: 8.44576538, Val Accuracy: 0.20350000, Bias aligned accuracy: 1.0000, Bias conflicting accuracy: 0.0000
2024-08-30 23:55:40,550 - INFO - Client 1, Local Training Accuracy: 0.20200000
2024-08-30 23:55:50,499 - INFO - Client 2, Local Training Accuracy: 0.19466667
2024-08-30 23:56:00,906 - INFO - Client 3, Local Training Accuracy: 0.18600000
2024-08-30 23:56:10,994 - INFO - Client 4, Local Training Accuracy: 0.19300000
2024-08-30 23:56:10,994 - INFO - Epoch 4 time: 40.68 seconds
2024-08-30 23:56:23,381 - INFO - Epoch: 4, Train Loss: 1.80502063, Val Loss: 8.72648599, Val Accuracy: 0.20080000, Bias aligned accuracy: 1.0000, Bias conflicting accuracy: 0.0000
2024-08-30 23:56:34,036 - INFO - Client 1, Local Training Accuracy: 0.18000000
2024-08-30 23:56:44,428 - INFO - Client 2, Local Training Accuracy: 0.19033333
2024-08-30 23:56:55,488 - INFO - Client 3, Local Training Accuracy: 0.18800000
2024-08-30 23:57:06,081 - INFO - Client 4, Local Training Accuracy: 0.19366667
2024-08-30 23:57:06,081 - INFO - Epoch 5 time: 42.70 seconds
2024-08-30 23:57:19,163 - INFO - Epoch: 5, Train Loss: 1.77184698, Val Loss: 8.62838215, Val Accuracy: 0.19280000, Bias aligned accuracy: 1.0000, Bias conflicting accuracy: 0.0000
2024-08-30 23:57:30,988 - INFO - Client 1, Local Training Accuracy: 0.18066667
2024-08-30 23:57:42,477 - INFO - Client 2, Local Training Accuracy: 0.18866667
2024-08-30 23:57:54,050 - INFO - Client 3, Local Training Accuracy: 0.19666667
2024-08-30 23:58:05,574 - INFO - Client 4, Local Training Accuracy: 0.16266667
2024-08-30 23:58:05,574 - INFO - Epoch 6 time: 46.41 seconds
2024-08-30 23:58:18,969 - INFO - Epoch: 6, Train Loss: 1.73501096, Val Loss: 9.01118686, Val Accuracy: 0.18790000, Bias aligned accuracy: 1.0000, Bias conflicting accuracy: 0.0000
2024-08-30 23:58:30,017 - INFO - Client 1, Local Training Accuracy: 0.17700000
2024-08-30 23:58:40,592 - INFO - Client 2, Local Training Accuracy: 0.18733333
2024-08-30 23:58:51,421 - INFO - Client 3, Local Training Accuracy: 0.16433333
2024-08-30 23:59:01,986 - INFO - Client 4, Local Training Accuracy: 0.16500000
2024-08-30 23:59:01,986 - INFO - Epoch 7 time: 43.02 seconds
2024-08-30 23:59:14,951 - INFO - Epoch: 7, Train Loss: 1.70382701, Val Loss: 8.63066041, Val Accuracy: 0.17810000, Bias aligned accuracy: 1.0000, Bias conflicting accuracy: 0.0000
2024-08-30 23:59:25,861 - INFO - Client 1, Local Training Accuracy: 0.14333333
2024-08-30 23:59:36,730 - INFO - Client 2, Local Training Accuracy: 0.16666667
2024-08-30 23:59:47,886 - INFO - Client 3, Local Training Accuracy: 0.18200000
2024-08-30 23:59:58,864 - INFO - Client 4, Local Training Accuracy: 0.16033333
2024-08-30 23:59:58,864 - INFO - Epoch 8 time: 43.91 seconds
2024-08-31 00:00:13,930 - INFO - Epoch: 8, Train Loss: 1.67047705, Val Loss: 8.65492486, Val Accuracy: 0.16700000, Bias aligned accuracy: 1.0000, Bias conflicting accuracy: 0.0000
2024-08-31 00:00:25,389 - INFO - Client 1, Local Training Accuracy: 0.17166667
2024-08-31 00:00:36,047 - INFO - Client 2, Local Training Accuracy: 0.13666667
2024-08-31 00:00:46,754 - INFO - Client 3, Local Training Accuracy: 0.16666667
2024-08-31 00:00:57,227 - INFO - Client 4, Local Training Accuracy: 0.16966667
2024-08-31 00:00:57,227 - INFO - Epoch 9 time: 43.30 seconds
2024-08-31 00:01:10,248 - INFO - Epoch: 9, Train Loss: 1.63963609, Val Loss: 8.72002828, Val Accuracy: 0.16630000, Bias aligned accuracy: 1.0000, Bias conflicting accuracy: 0.0000
2024-08-31 00:01:22,117 - INFO - Client 1, Local Training Accuracy: 0.14066667
2024-08-31 00:01:33,787 - INFO - Client 2, Local Training Accuracy: 0.13366667
2024-08-31 00:01:44,883 - INFO - Client 3, Local Training Accuracy: 0.17066667
2024-08-31 00:01:56,834 - INFO - Client 4, Local Training Accuracy: 0.15933333
2024-08-31 00:01:56,835 - INFO - Epoch 10 time: 46.59 seconds
2024-08-31 00:02:10,700 - INFO - Epoch: 10, Train Loss: 1.60846324, Val Loss: 8.81431972, Val Accuracy: 0.15400000, Bias aligned accuracy: 1.0000, Bias conflicting accuracy: 0.0000
2024-08-31 00:02:15,594 - INFO - IID Test Loss: 0.00058337, IID Test Accuracy: 1.00000000
2024-08-31 00:02:19,880 - INFO - Bias-Neutral Test Loss: 8.81431972, Bias-Neutral Test Accuracy: 0.15400000
2024-08-31 00:02:24,623 - INFO - Bias-Conflicting Test Loss: 35.80620927, Bias-Conflicting Test Accuracy: 0.00000000
2024-08-31 00:02:29,946 - INFO - C MNIST_C Test Loss: 25.85351034, C MNIST_C Test Accuracy: 0.00000000
2024-08-31 00:02:40,040 - INFO - Total training time: 975.36 seconds
2024-08-31 00:02:40,040 - INFO - Total data transferred: 64.43 MB
2024-08-31 00:02:40,040 - INFO - Average CPU usage: 0.91%
2024-08-31 00:02:40,040 - INFO - Average memory usage: 96.30%
