2024-08-31 00:47:59,239 - INFO - Client 1, Local Training Accuracy: 0.09966667
2024-08-31 00:48:10,029 - INFO - Client 2, Local Training Accuracy: 0.10300000
2024-08-31 00:48:28,288 - INFO - Client 3, Local Training Accuracy: 0.88733333
2024-08-31 00:48:41,890 - INFO - Client 4, Local Training Accuracy: 0.91066667
2024-08-31 00:48:41,891 - INFO - Epoch 1 time: 58.69 seconds
2024-08-31 00:48:59,468 - INFO - Epoch: 1, Train Loss: 9.97884482, Val Loss: 1.07729881, Val Accuracy: 0.62440000, Bias aligned accuracy: 0.2302, Bias conflicting accuracy: 0.2667
2024-08-31 00:49:12,333 - INFO - Client 1, Local Training Accuracy: 0.41133333
2024-08-31 00:49:22,741 - INFO - Client 2, Local Training Accuracy: 0.32533333
2024-08-31 00:49:33,745 - INFO - Client 3, Local Training Accuracy: 0.93500000
2024-08-31 00:49:44,748 - INFO - Client 4, Local Training Accuracy: 0.94733333
2024-08-31 00:49:44,748 - INFO - Epoch 2 time: 42.67 seconds
2024-08-31 00:49:58,291 - INFO - Epoch: 2, Train Loss: 4.12133654, Val Loss: 0.36569448, Val Accuracy: 0.87940000, Bias aligned accuracy: 0.8139, Bias conflicting accuracy: 0.8559
2024-08-31 00:50:09,395 - INFO - Client 1, Local Training Accuracy: 0.57900000
2024-08-31 00:50:20,111 - INFO - Client 2, Local Training Accuracy: 0.49966667
2024-08-31 00:50:31,450 - INFO - Client 3, Local Training Accuracy: 0.94366667
2024-08-31 00:50:42,558 - INFO - Client 4, Local Training Accuracy: 0.95500000
2024-08-31 00:50:42,559 - INFO - Epoch 3 time: 44.24 seconds
2024-08-31 00:50:56,316 - INFO - Epoch: 3, Train Loss: 3.36555317, Val Loss: 0.23712901, Val Accuracy: 0.92460000, Bias aligned accuracy: 0.9043, Bias conflicting accuracy: 0.9416
2024-08-31 00:51:07,667 - INFO - Client 1, Local Training Accuracy: 0.66633333
2024-08-31 00:51:18,531 - INFO - Client 2, Local Training Accuracy: 0.63166667
2024-08-31 00:51:30,122 - INFO - Client 3, Local Training Accuracy: 0.95666667
2024-08-31 00:51:41,556 - INFO - Client 4, Local Training Accuracy: 0.96466667
2024-08-31 00:51:41,556 - INFO - Epoch 4 time: 45.17 seconds
2024-08-31 00:51:55,335 - INFO - Epoch: 4, Train Loss: 3.07142057, Val Loss: 0.18730606, Val Accuracy: 0.93930000, Bias aligned accuracy: 0.9427, Bias conflicting accuracy: 0.9606
2024-08-31 00:52:06,428 - INFO - Client 1, Local Training Accuracy: 0.72866667
2024-08-31 00:52:17,035 - INFO - Client 2, Local Training Accuracy: 0.68366667
2024-08-31 00:52:28,067 - INFO - Client 3, Local Training Accuracy: 0.95966667
2024-08-31 00:52:38,771 - INFO - Client 4, Local Training Accuracy: 0.96700000
2024-08-31 00:52:38,771 - INFO - Epoch 5 time: 43.41 seconds
2024-08-31 00:52:51,978 - INFO - Epoch: 5, Train Loss: 2.88750557, Val Loss: 0.15819094, Val Accuracy: 0.94850000, Bias aligned accuracy: 0.9649, Bias conflicting accuracy: 0.9729
2024-08-31 00:53:03,135 - INFO - Client 1, Local Training Accuracy: 0.76166667
2024-08-31 00:53:13,991 - INFO - Client 2, Local Training Accuracy: 0.76400000
2024-08-31 00:53:25,445 - INFO - Client 3, Local Training Accuracy: 0.96266667
2024-08-31 00:53:36,709 - INFO - Client 4, Local Training Accuracy: 0.97133333
2024-08-31 00:53:36,710 - INFO - Epoch 6 time: 44.73 seconds
2024-08-31 00:53:50,934 - INFO - Epoch: 6, Train Loss: 2.76293438, Val Loss: 0.13599642, Val Accuracy: 0.95430000, Bias aligned accuracy: 0.9711, Bias conflicting accuracy: 0.9755
2024-08-31 00:54:02,900 - INFO - Client 1, Local Training Accuracy: 0.78866667
2024-08-31 00:54:14,278 - INFO - Client 2, Local Training Accuracy: 0.78500000
2024-08-31 00:54:26,070 - INFO - Client 3, Local Training Accuracy: 0.96366667
2024-08-31 00:54:37,169 - INFO - Client 4, Local Training Accuracy: 0.96666667
2024-08-31 00:54:37,169 - INFO - Epoch 7 time: 46.19 seconds
2024-08-31 00:54:50,607 - INFO - Epoch: 7, Train Loss: 2.68497358, Val Loss: 0.12539591, Val Accuracy: 0.95750000, Bias aligned accuracy: 0.9799, Bias conflicting accuracy: 0.9815
2024-08-31 00:55:02,362 - INFO - Client 1, Local Training Accuracy: 0.81333333
2024-08-31 00:55:13,042 - INFO - Client 2, Local Training Accuracy: 0.80566667
2024-08-31 00:55:24,175 - INFO - Client 3, Local Training Accuracy: 0.96500000
2024-08-31 00:55:35,350 - INFO - Client 4, Local Training Accuracy: 0.97266667
2024-08-31 00:55:35,350 - INFO - Epoch 8 time: 44.02 seconds
2024-08-31 00:55:48,809 - INFO - Epoch: 8, Train Loss: 2.61873231, Val Loss: 0.11338692, Val Accuracy: 0.96090000, Bias aligned accuracy: 0.9836, Bias conflicting accuracy: 0.9837
2024-08-31 00:56:00,482 - INFO - Client 1, Local Training Accuracy: 0.84200000
2024-08-31 00:56:11,880 - INFO - Client 2, Local Training Accuracy: 0.80400000
2024-08-31 00:56:23,684 - INFO - Client 3, Local Training Accuracy: 0.96366667
2024-08-31 00:56:35,334 - INFO - Client 4, Local Training Accuracy: 0.97500000
2024-08-31 00:56:35,334 - INFO - Epoch 9 time: 46.52 seconds
2024-08-31 00:56:49,094 - INFO - Epoch: 9, Train Loss: 2.56913703, Val Loss: 0.10916996, Val Accuracy: 0.96290000, Bias aligned accuracy: 0.9881, Bias conflicting accuracy: 0.9848
2024-08-31 00:57:00,355 - INFO - Client 1, Local Training Accuracy: 0.85133333
2024-08-31 00:57:11,169 - INFO - Client 2, Local Training Accuracy: 0.85666667
2024-08-31 00:57:22,311 - INFO - Client 3, Local Training Accuracy: 0.96500000
2024-08-31 00:57:33,401 - INFO - Client 4, Local Training Accuracy: 0.97433333
2024-08-31 00:57:33,401 - INFO - Epoch 10 time: 44.30 seconds
2024-08-31 00:57:47,469 - INFO - Epoch: 10, Train Loss: 2.51147074, Val Loss: 0.09494204, Val Accuracy: 0.96810000, Bias aligned accuracy: 0.9879, Bias conflicting accuracy: 0.9856
2024-08-31 00:59:11,274 - INFO - IID Test Loss: 0.07090856, IID Test Accuracy: 0.98790000
2024-08-31 00:59:14,789 - INFO - Bias-Neutral Test Loss: 0.09494204, Bias-Neutral Test Accuracy: 0.96810000
2024-08-31 00:59:18,820 - INFO - Bias-Conflicting Test Loss: 0.08261272, Bias-Conflicting Test Accuracy: 0.98560000
2024-08-31 00:59:24,144 - INFO - C MNIST_C Test Loss: 0.84706369, C MNIST_C Test Accuracy: 0.69670000
2024-08-31 00:59:35,056 - INFO - Total training time: 890.15 seconds
2024-08-31 00:59:35,057 - INFO - Total data transferred: 64.43 MB
2024-08-31 00:59:35,057 - INFO - Average CPU usage: 1.59%
2024-08-31 00:59:35,057 - INFO - Average memory usage: 94.10%
