INFO:root:Epoch: 1/10, Train Loss: 1.86181398, Val Loss: 0.06757185, Val Accuracy: 0.97950000
INFO:root:Epoch 1 training time: 71.23 seconds
INFO:root:Saving Model State
INFO:root:Epoch: 2/10, Train Loss: 0.68427536, Val Loss: 0.05124073, Val Accuracy: 0.98266667
INFO:root:Epoch 2 training time: 74.81 seconds
INFO:root:Saving Model State
INFO:root:Epoch: 3/10, Train Loss: 0.49139525, Val Loss: 0.04749705, Val Accuracy: 0.98650000
INFO:root:Epoch 3 training time: 76.61 seconds
INFO:root:Saving Model State
INFO:root:Epoch: 4/10, Train Loss: 0.37064196, Val Loss: 0.04667098, Val Accuracy: 0.98725000
INFO:root:Epoch 4 training time: 73.02 seconds
INFO:root:Saving Model State
INFO:root:Epoch: 5/10, Train Loss: 0.29987187, Val Loss: 0.05579804, Val Accuracy: 0.98500000
INFO:root:Epoch 5 training time: 72.68 seconds
INFO:root:Epoch: 6/10, Train Loss: 0.26322625, Val Loss: 0.04471664, Val Accuracy: 0.98941667
INFO:root:Epoch 6 training time: 72.82 seconds
INFO:root:Saving Model State
INFO:root:Epoch: 7/10, Train Loss: 0.22290058, Val Loss: 0.06048225, Val Accuracy: 0.98791667
INFO:root:Epoch 7 training time: 77.62 seconds
INFO:root:Epoch: 8/10, Train Loss: 0.20369005, Val Loss: 0.10571965, Val Accuracy: 0.98233333
INFO:root:Epoch 8 training time: 77.01 seconds
INFO:root:Epoch: 9/10, Train Loss: 0.18712265, Val Loss: 0.05173899, Val Accuracy: 0.98850000
INFO:root:Epoch 9 training time: 72.36 seconds
INFO:root:Epoch: 10/10, Train Loss: 0.16623873, Val Loss: 0.08659513, Val Accuracy: 0.98641667
INFO:root:Epoch 10 training time: 71.98 seconds
INFO:root:Total training time: 740.26 seconds
INFO:root:Total data transferred: 16.11 MB
INFO:root:Average CPU usage: 1.43%
INFO:root:Average memory usage: 87.00%
INFO:root:Bias-Aligned Test accuracy 0.99120000
INFO:root:Bias-Neutral Test accuracy 0.98770000
INFO:root:Bias-Conflicting Test accuracy 0.10150000
