INFO:root:Epoch: 1/10, Train Loss: 1.69602727, Val Loss: 10.13240196, Val Accuracy: 0.11250000
INFO:root:Epoch 1 training time: 202.16 seconds
INFO:root:Saving Model State
INFO:root:Epoch: 2/10, Train Loss: 1.13055994, Val Loss: 8.19178899, Val Accuracy: 0.11300000
INFO:root:Epoch 2 training time: 221.92 seconds
INFO:root:Saving Model State
INFO:root:Epoch: 3/10, Train Loss: 1.00994750, Val Loss: 8.89021788, Val Accuracy: 0.06025000
INFO:root:Epoch 3 training time: 226.44 seconds
INFO:root:Epoch: 4/10, Train Loss: 0.98637717, Val Loss: 8.64530458, Val Accuracy: 0.09066667
INFO:root:Epoch 4 training time: 234.53 seconds
INFO:root:Epoch: 5/10, Train Loss: 0.96287951, Val Loss: 9.09620709, Val Accuracy: 0.09966667
INFO:root:Epoch 5 training time: 224.60 seconds
INFO:root:Epoch: 6/10, Train Loss: 0.98512697, Val Loss: 11.53655707, Val Accuracy: 0.07200000
INFO:root:Epoch 6 training time: 216.11 seconds
INFO:root:Epoch: 7/10, Train Loss: 0.94681384, Val Loss: 10.57350207, Val Accuracy: 0.01766667
INFO:root:Epoch 7 training time: 214.97 seconds
INFO:root:Epoch: 8/10, Train Loss: 0.94544698, Val Loss: 9.54330313, Val Accuracy: 0.03141667
INFO:root:Epoch 8 training time: 216.10 seconds
INFO:root:Epoch: 9/10, Train Loss: 0.95267419, Val Loss: 9.05685405, Val Accuracy: 0.07441667
INFO:root:Epoch 9 training time: 218.66 seconds
INFO:root:Epoch: 10/10, Train Loss: 0.92548060, Val Loss: 9.91563166, Val Accuracy: 0.09933333
INFO:root:Epoch 10 training time: 217.95 seconds
INFO:root:Total training time: 2193.51 seconds
INFO:root:Total data transferred: 16.11 MB
INFO:root:Average CPU usage: 0.67%
INFO:root:Average memory usage: 96.90%
INFO:root:Bias-Aligned Test accuracy 1.00000000
INFO:root:Bias-Neutral Test accuracy 0.09720000
INFO:root:Bias-Conflicting Test accuracy 0.00000000
