2024-07-19 11:45:45,237 - INFO - Client 1, Local Training Accuracy: 0.14800000
2024-07-19 11:45:59,727 - INFO - Client 2, Local Training Accuracy: 0.09833333
2024-07-19 11:46:14,518 - INFO - Client 3, Local Training Accuracy: 0.11900000
2024-07-19 11:46:29,232 - INFO - Client 4, Local Training Accuracy: 0.96300000
2024-07-19 11:46:29,232 - INFO - Epoch 1 time: 58.35 seconds
2024-07-19 11:46:33,440 - INFO - Epoch: 1, Train Loss: 3.07635361, Val Loss: 2.31168406, Val Accuracy: 0.22330000
2024-07-19 11:46:48,000 - INFO - Client 1, Local Training Accuracy: 0.10000000
2024-07-19 11:47:02,652 - INFO - Client 2, Local Training Accuracy: 0.09000000
2024-07-19 11:47:16,972 - INFO - Client 3, Local Training Accuracy: 0.09966667
2024-07-19 11:47:31,880 - INFO - Client 4, Local Training Accuracy: 0.96366667
2024-07-19 11:47:31,880 - INFO - Epoch 2 time: 58.37 seconds
2024-07-19 11:47:36,095 - INFO - Epoch: 2, Train Loss: 2.21265328, Val Loss: 4.36953422, Val Accuracy: 0.16920000
2024-07-19 11:47:50,510 - INFO - Client 1, Local Training Accuracy: 0.13900000
2024-07-19 11:48:05,209 - INFO - Client 2, Local Training Accuracy: 0.13900000
2024-07-19 11:48:19,702 - INFO - Client 3, Local Training Accuracy: 0.10200000
2024-07-19 11:48:34,501 - INFO - Client 4, Local Training Accuracy: 0.96933333
2024-07-19 11:48:34,502 - INFO - Epoch 3 time: 58.41 seconds
2024-07-19 11:48:38,849 - INFO - Epoch: 3, Train Loss: 2.13366805, Val Loss: 4.69430197, Val Accuracy: 0.12970000
2024-07-19 11:48:53,491 - INFO - Client 1, Local Training Accuracy: 0.10400000
2024-07-19 11:49:08,171 - INFO - Client 2, Local Training Accuracy: 0.10300000
2024-07-19 11:49:24,621 - INFO - Client 3, Local Training Accuracy: 0.10233333
2024-07-19 11:49:39,687 - INFO - Client 4, Local Training Accuracy: 0.96833333
2024-07-19 11:49:39,687 - INFO - Epoch 4 time: 60.84 seconds
2024-07-19 11:49:43,864 - INFO - Epoch: 4, Train Loss: 1.93573642, Val Loss: 5.24262021, Val Accuracy: 0.14210000
2024-07-19 11:49:58,376 - INFO - Client 1, Local Training Accuracy: 0.09900000
2024-07-19 11:50:13,229 - INFO - Client 2, Local Training Accuracy: 0.09833333
2024-07-19 11:50:27,908 - INFO - Client 3, Local Training Accuracy: 0.10366667
2024-07-19 11:50:43,069 - INFO - Client 4, Local Training Accuracy: 0.96833333
2024-07-19 11:50:43,069 - INFO - Epoch 5 time: 59.20 seconds
2024-07-19 11:50:47,436 - INFO - Epoch: 5, Train Loss: 1.87065054, Val Loss: 4.90142632, Val Accuracy: 0.09870000
2024-07-19 11:51:02,417 - INFO - Client 1, Local Training Accuracy: 0.10033333
2024-07-19 11:51:17,506 - INFO - Client 2, Local Training Accuracy: 0.10100000
2024-07-19 11:51:32,275 - INFO - Client 3, Local Training Accuracy: 0.10133333
2024-07-19 11:51:47,686 - INFO - Client 4, Local Training Accuracy: 0.96400000
2024-07-19 11:51:47,687 - INFO - Epoch 6 time: 60.25 seconds
2024-07-19 11:51:51,992 - INFO - Epoch: 6, Train Loss: 1.84184344, Val Loss: 4.88667626, Val Accuracy: 0.10660000
2024-07-19 11:52:06,774 - INFO - Client 1, Local Training Accuracy: 0.10033333
2024-07-19 11:52:22,139 - INFO - Client 2, Local Training Accuracy: 0.10000000
2024-07-19 11:52:38,664 - INFO - Client 3, Local Training Accuracy: 0.10200000
2024-07-19 11:52:55,017 - INFO - Client 4, Local Training Accuracy: 0.97000000
2024-07-19 11:52:55,017 - INFO - Epoch 7 time: 63.02 seconds
2024-07-19 11:52:59,454 - INFO - Epoch: 7, Train Loss: 1.79961890, Val Loss: 4.58910703, Val Accuracy: 0.11020000
2024-07-19 11:53:15,727 - INFO - Client 1, Local Training Accuracy: 0.09900000
2024-07-19 11:53:31,663 - INFO - Client 2, Local Training Accuracy: 0.10000000
2024-07-19 11:53:46,952 - INFO - Client 3, Local Training Accuracy: 0.10200000
2024-07-19 11:54:01,905 - INFO - Client 4, Local Training Accuracy: 0.97066667
2024-07-19 11:54:01,905 - INFO - Epoch 8 time: 62.45 seconds
2024-07-19 11:54:06,205 - INFO - Epoch: 8, Train Loss: 1.76573736, Val Loss: 5.04856935, Val Accuracy: 0.09740000
2024-07-19 11:54:21,186 - INFO - Client 1, Local Training Accuracy: 0.10133333
2024-07-19 11:54:36,279 - INFO - Client 2, Local Training Accuracy: 0.09900000
2024-07-19 11:54:50,965 - INFO - Client 3, Local Training Accuracy: 0.10033333
2024-07-19 11:55:05,879 - INFO - Client 4, Local Training Accuracy: 0.96800000
2024-07-19 11:55:05,879 - INFO - Epoch 9 time: 59.67 seconds
2024-07-19 11:55:10,077 - INFO - Epoch: 9, Train Loss: 1.77747501, Val Loss: 5.34404892, Val Accuracy: 0.09840000
2024-07-19 11:55:24,768 - INFO - Client 1, Local Training Accuracy: 0.10000000
2024-07-19 11:55:39,702 - INFO - Client 2, Local Training Accuracy: 0.09900000
2024-07-19 11:55:54,355 - INFO - Client 3, Local Training Accuracy: 0.10266667
2024-07-19 11:56:09,178 - INFO - Client 4, Local Training Accuracy: 0.96633333
2024-07-19 11:56:09,178 - INFO - Epoch 10 time: 59.10 seconds
2024-07-19 11:56:13,313 - INFO - Epoch: 10, Train Loss: 1.78977828, Val Loss: 5.38694261, Val Accuracy: 0.09930000
2024-07-19 11:56:34,822 - INFO - IID Test Loss: 0.01344293, IID Test Accuracy: 1.00000000
2024-07-19 11:56:39,263 - INFO - Bias-Neutral Test Loss: 5.38694261, Bias-Neutral Test Accuracy: 0.09930000
2024-07-19 11:56:43,881 - INFO - Bias-Conflicting Test Loss: 14.23752081, Bias-Conflicting Test Accuracy: 0.00000000
2024-07-19 11:56:53,968 - INFO - Total training time: 712.74 seconds
2024-07-19 11:56:53,968 - INFO - Total data transferred: 64.43 MB
2024-07-19 11:56:53,969 - INFO - Average CPU usage: 4.02%
2024-07-19 11:56:53,969 - INFO - Average memory usage: 87.30%
