INFO:root:Epoch: 1/10, Train Loss: 1.45879627, Val Loss: 0.11969091, Val Accuracy: 0.96333333, Bias aligned accuracy: 0.971, Bias conflicting accuracy: 0.18341666666666667
INFO:root:Epoch 1 training time: 78.12 seconds
INFO:root:Saving Model State
INFO:root:Epoch: 2/10, Train Loss: 0.44916334, Val Loss: 0.07851603, Val Accuracy: 0.97608333, Bias aligned accuracy: 0.9896666666666667, Bias conflicting accuracy: 0.13616666666666666
INFO:root:Epoch 2 training time: 120.38 seconds
INFO:root:Saving Model State
INFO:root:Epoch: 3/10, Train Loss: 0.28121348, Val Loss: 0.07568023, Val Accuracy: 0.97683333, Bias aligned accuracy: 0.9993333333333333, Bias conflicting accuracy: 0.048
INFO:root:Epoch 3 training time: 72.41 seconds
INFO:root:Saving Model State
INFO:root:Epoch: 4/10, Train Loss: 0.21935795, Val Loss: 0.07970371, Val Accuracy: 0.98025000, Bias aligned accuracy: 0.9998333333333334, Bias conflicting accuracy: 0.04783333333333333
INFO:root:Epoch 4 training time: 74.61 seconds
INFO:root:Epoch: 5/10, Train Loss: 0.17486678, Val Loss: 0.07435566, Val Accuracy: 0.98108333, Bias aligned accuracy: 0.9999166666666667, Bias conflicting accuracy: 0.00525
INFO:root:Epoch 5 training time: 79.65 seconds
INFO:root:Saving Model State
INFO:root:Epoch: 6/10, Train Loss: 0.14148235, Val Loss: 0.08318832, Val Accuracy: 0.98208333, Bias aligned accuracy: 0.9999166666666667, Bias conflicting accuracy: 0.0425
INFO:root:Epoch 6 training time: 79.04 seconds
INFO:root:Epoch: 7/10, Train Loss: 0.12320344, Val Loss: 0.06921682, Val Accuracy: 0.98191667, Bias aligned accuracy: 1.0, Bias conflicting accuracy: 0.0045
INFO:root:Epoch 7 training time: 78.88 seconds
INFO:root:Saving Model State
INFO:root:Epoch: 8/10, Train Loss: 0.10392257, Val Loss: 0.08643924, Val Accuracy: 0.97991667, Bias aligned accuracy: 1.0, Bias conflicting accuracy: 0.019083333333333334
INFO:root:Epoch 8 training time: 80.70 seconds
INFO:root:Epoch: 9/10, Train Loss: 0.10113571, Val Loss: 0.08091753, Val Accuracy: 0.98266667, Bias aligned accuracy: 0.99975, Bias conflicting accuracy: 0.034166666666666665
INFO:root:Epoch 9 training time: 78.45 seconds
INFO:root:Epoch: 10/10, Train Loss: 0.12265934, Val Loss: 0.11284807, Val Accuracy: 0.98008333, Bias aligned accuracy: 1.0, Bias conflicting accuracy: 0.0
INFO:root:Epoch 10 training time: 78.98 seconds
INFO:root:Total training time: 822.49 seconds
INFO:root:Total data transferred: 16.11 MB
INFO:root:Average CPU usage: 0.67%
INFO:root:Average memory usage: 86.10%
INFO:root:Bias-Aligned Test accuracy 1.00000000
INFO:root:Bias-Neutral Test accuracy 0.98300000
INFO:root:Bias-Conflicting Test accuracy 0.00000000
INFO:root:cMNIST C Test accuracy 0.08510000
