INFO:root:Epoch: 1/10, Train Loss: 1.93472628, Val Loss: 0.15948052, Val Accuracy: 0.94991667, Bias aligned accuracy: 0.8024166666666667, Bias conflicting accuracy: 0.11008333333333334
INFO:root:Epoch 1 training time: 72.30 seconds
INFO:root:Saving Model State
INFO:root:Epoch: 2/10, Train Loss: 0.60645434, Val Loss: 0.08817417, Val Accuracy: 0.97433333, Bias aligned accuracy: 0.9359166666666666, Bias conflicting accuracy: 0.049
INFO:root:Epoch 2 training time: 76.29 seconds
INFO:root:Saving Model State
INFO:root:Epoch: 3/10, Train Loss: 0.36072855, Val Loss: 0.08372510, Val Accuracy: 0.97725000, Bias aligned accuracy: 0.987, Bias conflicting accuracy: 0.073
INFO:root:Epoch 3 training time: 77.57 seconds
INFO:root:Saving Model State
INFO:root:Epoch: 4/10, Train Loss: 0.26038764, Val Loss: 0.06827816, Val Accuracy: 0.98266667, Bias aligned accuracy: 0.9963333333333333, Bias conflicting accuracy: 0.07783333333333334
INFO:root:Epoch 4 training time: 76.27 seconds
INFO:root:Saving Model State
INFO:root:Epoch: 5/10, Train Loss: 0.20417905, Val Loss: 0.06586084, Val Accuracy: 0.98341667, Bias aligned accuracy: 1.0, Bias conflicting accuracy: 0.0015833333333333333
INFO:root:Epoch 5 training time: 80.53 seconds
INFO:root:Saving Model State
INFO:root:Epoch: 6/10, Train Loss: 0.15584832, Val Loss: 0.06287186, Val Accuracy: 0.98525000, Bias aligned accuracy: 0.99925, Bias conflicting accuracy: 0.0
INFO:root:Epoch 6 training time: 77.77 seconds
INFO:root:Saving Model State
INFO:root:Epoch: 7/10, Train Loss: 0.13294888, Val Loss: 0.06089572, Val Accuracy: 0.98541667, Bias aligned accuracy: 1.0, Bias conflicting accuracy: 0.0
INFO:root:Epoch 7 training time: 88.07 seconds
INFO:root:Saving Model State
INFO:root:Epoch: 8/10, Train Loss: 0.11878211, Val Loss: 0.07008790, Val Accuracy: 0.98391667, Bias aligned accuracy: 0.9998333333333334, Bias conflicting accuracy: 8.333333333333333e-05
INFO:root:Epoch 8 training time: 88.15 seconds
INFO:root:Epoch: 9/10, Train Loss: 0.09153812, Val Loss: 0.08342284, Val Accuracy: 0.98575000, Bias aligned accuracy: 0.9989166666666667, Bias conflicting accuracy: 0.0
INFO:root:Epoch 9 training time: 114.43 seconds
INFO:root:Epoch: 10/10, Train Loss: 0.13730256, Val Loss: 0.07005010, Val Accuracy: 0.98516667, Bias aligned accuracy: 1.0, Bias conflicting accuracy: 0.022333333333333334
INFO:root:Epoch 10 training time: 109.01 seconds
INFO:root:Total training time: 860.45 seconds
INFO:root:Total data transferred: 16.11 MB
INFO:root:Average CPU usage: 0.53%
INFO:root:Average memory usage: 93.10%
INFO:root:Bias-Aligned Test accuracy 1.00000000
INFO:root:Bias-Neutral Test accuracy 0.98640000
INFO:root:Bias-Conflicting Test accuracy 0.02650000
INFO:root:cMNIST C Test accuracy 0.02630000
