INFO:root:Epoch: 1/10, Train Loss: 0.17963579, Val Loss: 14.17525783, Val Accuracy: 0.09816667, Bias aligned accuracy: 1.0, Bias conflicting accuracy: 0.0
INFO:root:Epoch 1 training time: 74.11 seconds
INFO:root:Saving Model State
INFO:root:Epoch: 2/10, Train Loss: 0.04369864, Val Loss: 11.78842092, Val Accuracy: 0.09808333, Bias aligned accuracy: 1.0, Bias conflicting accuracy: 0.0
INFO:root:Epoch 2 training time: 68.27 seconds
INFO:root:Saving Model State
INFO:root:Epoch: 3/10, Train Loss: 0.03249585, Val Loss: 43.83831622, Val Accuracy: 0.09825000, Bias aligned accuracy: 1.0, Bias conflicting accuracy: 0.0
INFO:root:Epoch 3 training time: 75.31 seconds
INFO:root:Epoch: 4/10, Train Loss: 0.05884333, Val Loss: 38.63374727, Val Accuracy: 0.12816667, Bias aligned accuracy: 1.0, Bias conflicting accuracy: 0.0
INFO:root:Epoch 4 training time: 76.87 seconds
INFO:root:Epoch: 5/10, Train Loss: 0.01288758, Val Loss: 50.58241358, Val Accuracy: 0.13825000, Bias aligned accuracy: 1.0, Bias conflicting accuracy: 0.0
INFO:root:Epoch 5 training time: 79.61 seconds
INFO:root:Epoch: 6/10, Train Loss: 0.02730948, Val Loss: 72.49704357, Val Accuracy: 0.09975000, Bias aligned accuracy: 1.0, Bias conflicting accuracy: 0.0
INFO:root:Epoch 6 training time: 80.50 seconds
INFO:root:Epoch: 7/10, Train Loss: 0.03759848, Val Loss: 74.53087893, Val Accuracy: 0.09825000, Bias aligned accuracy: 1.0, Bias conflicting accuracy: 0.0
INFO:root:Epoch 7 training time: 110.85 seconds
INFO:root:Epoch: 8/10, Train Loss: 0.01233779, Val Loss: 93.21863780, Val Accuracy: 0.09825000, Bias aligned accuracy: 1.0, Bias conflicting accuracy: 0.0
INFO:root:Epoch 8 training time: 78.98 seconds
INFO:root:Epoch: 9/10, Train Loss: 0.02483483, Val Loss: 97.09757782, Val Accuracy: 0.09825000, Bias aligned accuracy: 1.0, Bias conflicting accuracy: 0.0
INFO:root:Epoch 9 training time: 87.14 seconds
INFO:root:Epoch: 10/10, Train Loss: 0.02895576, Val Loss: 99.20848858, Val Accuracy: 0.09825000, Bias aligned accuracy: 1.0, Bias conflicting accuracy: 0.0
INFO:root:Epoch 10 training time: 84.60 seconds
INFO:root:Total training time: 816.34 seconds
INFO:root:Total data transferred: 16.11 MB
INFO:root:Average CPU usage: 1.75%
INFO:root:Average memory usage: 86.30%
INFO:root:Bias-Aligned Test accuracy 1.00000000
INFO:root:Bias-Neutral Test accuracy 0.09740000
INFO:root:Bias-Conflicting Test accuracy 0.00000000
INFO:root:cMNIST C Test accuracy 0.00000000
