INFO:root:Epoch: 1/10, Train Loss: 3.98610789, Val Loss: 0.11764727, Val Accuracy: 0.96283333, Bias aligned accuracy: 0.9376666666666666, Bias conflicting accuracy: 0.9611666666666666
INFO:root:Epoch 1 training time: 48.85 seconds
INFO:root:Saving Model State
INFO:root:Epoch: 2/10, Train Loss: 1.07574923, Val Loss: 0.07765200, Val Accuracy: 0.97591667, Bias aligned accuracy: 0.9326666666666666, Bias conflicting accuracy: 0.9536666666666667
INFO:root:Epoch 2 training time: 48.27 seconds
INFO:root:Saving Model State
INFO:root:Epoch: 3/10, Train Loss: 0.76618578, Val Loss: 0.06435699, Val Accuracy: 0.97991667, Bias aligned accuracy: 0.9679166666666666, Bias conflicting accuracy: 0.9750833333333333
INFO:root:Epoch 3 training time: 47.85 seconds
INFO:root:Saving Model State
INFO:root:Epoch: 4/10, Train Loss: 0.61262819, Val Loss: 0.05044689, Val Accuracy: 0.98433333, Bias aligned accuracy: 0.96625, Bias conflicting accuracy: 0.97425
INFO:root:Epoch 4 training time: 48.33 seconds
INFO:root:Saving Model State
INFO:root:Epoch: 5/10, Train Loss: 0.51733890, Val Loss: 0.05086245, Val Accuracy: 0.98458333, Bias aligned accuracy: 0.9508333333333333, Bias conflicting accuracy: 0.9630833333333333
INFO:root:Epoch 5 training time: 49.76 seconds
INFO:root:Epoch: 6/10, Train Loss: 0.43152187, Val Loss: 0.04791168, Val Accuracy: 0.98508333, Bias aligned accuracy: 0.964, Bias conflicting accuracy: 0.9711666666666666
INFO:root:Epoch 6 training time: 48.30 seconds
INFO:root:Saving Model State
INFO:root:Epoch: 7/10, Train Loss: 0.38530383, Val Loss: 0.04531374, Val Accuracy: 0.98566667, Bias aligned accuracy: 0.9590833333333333, Bias conflicting accuracy: 0.9686666666666667
INFO:root:Epoch 7 training time: 47.64 seconds
INFO:root:Saving Model State
INFO:root:Epoch: 8/10, Train Loss: 0.33423515, Val Loss: 0.05016567, Val Accuracy: 0.98500000, Bias aligned accuracy: 0.9418333333333333, Bias conflicting accuracy: 0.9550833333333333
INFO:root:Epoch 8 training time: 47.60 seconds
INFO:root:Epoch: 9/10, Train Loss: 0.29410451, Val Loss: 0.04708881, Val Accuracy: 0.98516667, Bias aligned accuracy: 0.9474166666666667, Bias conflicting accuracy: 0.95975
INFO:root:Epoch 9 training time: 47.97 seconds
INFO:root:Epoch: 10/10, Train Loss: 0.27723235, Val Loss: 0.03846799, Val Accuracy: 0.98850000, Bias aligned accuracy: 0.96775, Bias conflicting accuracy: 0.9781666666666666
INFO:root:Epoch 10 training time: 47.73 seconds
INFO:root:Saving Model State
INFO:root:Total training time: 482.41 seconds
INFO:root:Total data transferred: 16.11 MB
INFO:root:Average CPU usage: 0.91%
INFO:root:Average memory usage: 78.40%
INFO:root:Bias-Aligned Test accuracy 0.96930000
INFO:root:Bias-Neutral Test accuracy 0.98900000
INFO:root:Bias-Conflicting Test accuracy 0.97550000
INFO:root:cMNIST C Test accuracy 0.97160000
