INFO:root:Epoch: 1/10, Train Loss: 4.57117364, Val Loss: 0.34726148, Val Accuracy: 0.89033333, Bias aligned accuracy: 0.0010833333333333333, Bias conflicting accuracy: 0.6888333333333333
INFO:root:Epoch 1 training time: 45.12 seconds
INFO:root:Saving Model State
INFO:root:Epoch: 2/10, Train Loss: 1.96966261, Val Loss: 0.20601412, Val Accuracy: 0.93850000, Bias aligned accuracy: 0.26958333333333334, Bias conflicting accuracy: 0.9378333333333333
INFO:root:Epoch 2 training time: 50.24 seconds
INFO:root:Saving Model State
INFO:root:Epoch: 3/10, Train Loss: 1.02104656, Val Loss: 0.13477795, Val Accuracy: 0.95958333, Bias aligned accuracy: 0.44866666666666666, Bias conflicting accuracy: 0.9561666666666667
INFO:root:Epoch 3 training time: 49.76 seconds
INFO:root:Saving Model State
INFO:root:Epoch: 4/10, Train Loss: 0.64491561, Val Loss: 0.10937984, Val Accuracy: 0.96758333, Bias aligned accuracy: 0.6113333333333333, Bias conflicting accuracy: 0.9791666666666666
INFO:root:Epoch 4 training time: 52.10 seconds
INFO:root:Saving Model State
INFO:root:Epoch: 5/10, Train Loss: 0.48225008, Val Loss: 0.10101554, Val Accuracy: 0.97125000, Bias aligned accuracy: 0.7105833333333333, Bias conflicting accuracy: 0.9875
INFO:root:Epoch 5 training time: 60.06 seconds
INFO:root:Saving Model State
INFO:root:Epoch: 6/10, Train Loss: 0.39410417, Val Loss: 0.11624408, Val Accuracy: 0.96550000, Bias aligned accuracy: 0.7460833333333333, Bias conflicting accuracy: 0.9763333333333334
INFO:root:Epoch 6 training time: 48.68 seconds
INFO:root:Epoch: 7/10, Train Loss: 0.33586821, Val Loss: 0.09135111, Val Accuracy: 0.97208333, Bias aligned accuracy: 0.84725, Bias conflicting accuracy: 0.9935
INFO:root:Epoch 7 training time: 52.59 seconds
INFO:root:Saving Model State
INFO:root:Epoch: 8/10, Train Loss: 0.29161108, Val Loss: 0.09173427, Val Accuracy: 0.97283333, Bias aligned accuracy: 0.8540833333333333, Bias conflicting accuracy: 0.9939166666666667
INFO:root:Epoch 8 training time: 50.74 seconds
INFO:root:Epoch: 9/10, Train Loss: 0.24603594, Val Loss: 0.09872444, Val Accuracy: 0.97216667, Bias aligned accuracy: 0.8764166666666666, Bias conflicting accuracy: 0.9921666666666666
INFO:root:Epoch 9 training time: 50.09 seconds
INFO:root:Epoch: 10/10, Train Loss: 0.22664714, Val Loss: 0.08669719, Val Accuracy: 0.97608333, Bias aligned accuracy: 0.9091666666666667, Bias conflicting accuracy: 0.9884166666666667
INFO:root:Epoch 10 training time: 49.59 seconds
INFO:root:Saving Model State
INFO:root:Total training time: 509.13 seconds
INFO:root:Total data transferred: 16.11 MB
INFO:root:Average CPU usage: 0.72%
INFO:root:Average memory usage: 95.60%
INFO:root:Bias-Aligned Test accuracy 0.90900000
INFO:root:Bias-Neutral Test accuracy 0.97850000
INFO:root:Bias-Conflicting Test accuracy 0.98750000
INFO:root:cMNIST C Test accuracy 0.43820000