INFO:root:Epoch: 1/10, Train Loss: 1.85178323, Val Loss: 0.09662029, Val Accuracy: 0.96866667, Bias aligned accuracy: 0.853, Bias conflicting accuracy: 0.3235
INFO:root:Epoch 1 training time: 75.63 seconds
INFO:root:Saving Model State
INFO:root:Epoch: 2/10, Train Loss: 0.67701524, Val Loss: 0.06654177, Val Accuracy: 0.97908333, Bias aligned accuracy: 0.9981666666666666, Bias conflicting accuracy: 0.17758333333333334
INFO:root:Epoch 2 training time: 88.48 seconds
INFO:root:Saving Model State
INFO:root:Epoch: 3/10, Train Loss: 0.44306354, Val Loss: 0.06482442, Val Accuracy: 0.98158333, Bias aligned accuracy: 0.9996666666666667, Bias conflicting accuracy: 0.08875
INFO:root:Epoch 3 training time: 76.70 seconds
INFO:root:Saving Model State
INFO:root:Epoch: 4/10, Train Loss: 0.36632858, Val Loss: 0.06489803, Val Accuracy: 0.98091667, Bias aligned accuracy: 0.9999166666666667, Bias conflicting accuracy: 0.06333333333333334
INFO:root:Epoch 4 training time: 77.15 seconds
INFO:root:Epoch: 5/10, Train Loss: 0.29179900, Val Loss: 0.06181101, Val Accuracy: 0.98475000, Bias aligned accuracy: 0.9998333333333334, Bias conflicting accuracy: 0.088
INFO:root:Epoch 5 training time: 78.21 seconds
INFO:root:Saving Model State
INFO:root:Epoch: 6/10, Train Loss: 0.27197159, Val Loss: 0.05468200, Val Accuracy: 0.98508333, Bias aligned accuracy: 1.0, Bias conflicting accuracy: 0.0015833333333333333
INFO:root:Epoch 6 training time: 77.08 seconds
INFO:root:Saving Model State
INFO:root:Epoch: 7/10, Train Loss: 0.22446225, Val Loss: 0.06858984, Val Accuracy: 0.98416667, Bias aligned accuracy: 1.0, Bias conflicting accuracy: 0.03808333333333333
INFO:root:Epoch 7 training time: 77.99 seconds
INFO:root:Epoch: 8/10, Train Loss: 0.18568863, Val Loss: 0.06334387, Val Accuracy: 0.98408333, Bias aligned accuracy: 0.934, Bias conflicting accuracy: 0.06158333333333333
INFO:root:Epoch 8 training time: 78.02 seconds
INFO:root:Epoch: 9/10, Train Loss: 0.17445189, Val Loss: 0.05800630, Val Accuracy: 0.98583333, Bias aligned accuracy: 0.9998333333333334, Bias conflicting accuracy: 0.09341666666666666
INFO:root:Epoch 9 training time: 79.26 seconds
INFO:root:Epoch: 10/10, Train Loss: 0.16750703, Val Loss: 0.06789872, Val Accuracy: 0.98666667, Bias aligned accuracy: 1.0, Bias conflicting accuracy: 0.021916666666666668
INFO:root:Epoch 10 training time: 78.88 seconds
INFO:root:Total training time: 788.60 seconds
INFO:root:Total data transferred: 16.11 MB
INFO:root:Average CPU usage: 0.43%
INFO:root:Average memory usage: 81.80%
INFO:root:Bias-Aligned Test accuracy 1.00000000
INFO:root:Bias-Neutral Test accuracy 0.98650000
INFO:root:Bias-Conflicting Test accuracy 0.02350000
INFO:root:cMNIST C Test accuracy 0.19490000
