INFO:root:Epoch: 1/10, Train Loss: 2.13218152, Val Loss: 0.06871618, Val Accuracy: 0.97941667, Bias aligned accuracy: 0.858, Bias conflicting accuracy: 0.6219166666666667
INFO:root:Epoch 1 training time: 73.75 seconds
INFO:root:Saving Model State
INFO:root:Epoch: 2/10, Train Loss: 0.72883260, Val Loss: 0.04822004, Val Accuracy: 0.98591667, Bias aligned accuracy: 0.9930833333333333, Bias conflicting accuracy: 0.4156666666666667
INFO:root:Epoch 2 training time: 73.82 seconds
INFO:root:Saving Model State
INFO:root:Epoch: 3/10, Train Loss: 0.50893355, Val Loss: 0.04069588, Val Accuracy: 0.98783333, Bias aligned accuracy: 0.994, Bias conflicting accuracy: 0.3453333333333333
INFO:root:Epoch 3 training time: 73.14 seconds
INFO:root:Saving Model State
INFO:root:Epoch: 4/10, Train Loss: 0.39603554, Val Loss: 0.04974122, Val Accuracy: 0.98566667, Bias aligned accuracy: 0.9985833333333334, Bias conflicting accuracy: 0.26666666666666666
INFO:root:Epoch 4 training time: 76.09 seconds
INFO:root:Epoch: 5/10, Train Loss: 0.31587970, Val Loss: 0.04651263, Val Accuracy: 0.98758333, Bias aligned accuracy: 1.0, Bias conflicting accuracy: 0.17166666666666666
INFO:root:Epoch 5 training time: 74.53 seconds
INFO:root:Epoch: 6/10, Train Loss: 0.27977661, Val Loss: 0.04976344, Val Accuracy: 0.98725000, Bias aligned accuracy: 0.9999166666666667, Bias conflicting accuracy: 0.15275
INFO:root:Epoch 6 training time: 80.05 seconds
INFO:root:Epoch: 7/10, Train Loss: 0.23459775, Val Loss: 0.05888498, Val Accuracy: 0.98616667, Bias aligned accuracy: 0.9995, Bias conflicting accuracy: 0.15566666666666668
INFO:root:Epoch 7 training time: 76.58 seconds
INFO:root:Epoch: 8/10, Train Loss: 0.20516683, Val Loss: 0.05518355, Val Accuracy: 0.98733333, Bias aligned accuracy: 0.9991666666666666, Bias conflicting accuracy: 0.16341666666666665
INFO:root:Epoch 8 training time: 77.95 seconds
INFO:root:Epoch: 9/10, Train Loss: 0.20206653, Val Loss: 0.05437072, Val Accuracy: 0.98741667, Bias aligned accuracy: 0.9998333333333334, Bias conflicting accuracy: 0.13016666666666668
INFO:root:Epoch 9 training time: 74.64 seconds
INFO:root:Epoch: 10/10, Train Loss: 0.18229928, Val Loss: 0.04639664, Val Accuracy: 0.98925000, Bias aligned accuracy: 0.99975, Bias conflicting accuracy: 0.17066666666666666
INFO:root:Epoch 10 training time: 79.49 seconds
INFO:root:Total training time: 760.94 seconds
INFO:root:Total data transferred: 16.11 MB
INFO:root:Average CPU usage: 0.16%
INFO:root:Average memory usage: 85.90%
INFO:root:Bias-Aligned Test accuracy 1.00000000
INFO:root:Bias-Neutral Test accuracy 0.99050000
INFO:root:Bias-Conflicting Test accuracy 0.16880000
INFO:root:cMNIST C Test accuracy 0.29940000