2024-07-19 12:11:49,477 - INFO - Client 1, Local Training Accuracy: 0.96233333
2024-07-19 12:12:03,686 - INFO - Client 2, Local Training Accuracy: 0.96466667
2024-07-19 12:12:18,935 - INFO - Client 3, Local Training Accuracy: 0.95933333
2024-07-19 12:12:35,871 - INFO - Client 4, Local Training Accuracy: 0.95500000
2024-07-19 12:12:35,872 - INFO - Epoch 1 time: 59.76 seconds
2024-07-19 12:12:40,315 - INFO - Epoch: 1, Train Loss: 5.09861954, Val Loss: 0.40603875, Val Accuracy: 0.96900000
2024-07-19 12:12:55,650 - INFO - Client 1, Local Training Accuracy: 0.96633333
2024-07-19 12:13:10,941 - INFO - Client 2, Local Training Accuracy: 0.97566667
2024-07-19 12:13:25,756 - INFO - Client 3, Local Training Accuracy: 0.97466667
2024-07-19 12:13:40,293 - INFO - Client 4, Local Training Accuracy: 0.96800000
2024-07-19 12:13:40,293 - INFO - Epoch 2 time: 59.96 seconds
2024-07-19 12:13:44,414 - INFO - Epoch: 2, Train Loss: 3.49666211, Val Loss: 0.06018208, Val Accuracy: 0.98250000
2024-07-19 12:13:59,269 - INFO - Client 1, Local Training Accuracy: 0.97566667
2024-07-19 12:14:14,108 - INFO - Client 2, Local Training Accuracy: 0.97433333
2024-07-19 12:14:28,556 - INFO - Client 3, Local Training Accuracy: 0.97833333
2024-07-19 12:14:43,337 - INFO - Client 4, Local Training Accuracy: 0.97633333
2024-07-19 12:14:43,337 - INFO - Epoch 3 time: 58.90 seconds
2024-07-19 12:14:47,442 - INFO - Epoch: 3, Train Loss: 3.16644552, Val Loss: 0.05155843, Val Accuracy: 0.98500000
2024-07-19 12:15:02,434 - INFO - Client 1, Local Training Accuracy: 0.97500000
2024-07-19 12:15:17,438 - INFO - Client 2, Local Training Accuracy: 0.97566667
2024-07-19 12:15:32,091 - INFO - Client 3, Local Training Accuracy: 0.97700000
2024-07-19 12:15:46,924 - INFO - Client 4, Local Training Accuracy: 0.97633333
2024-07-19 12:15:46,924 - INFO - Epoch 4 time: 59.48 seconds
2024-07-19 12:15:51,007 - INFO - Epoch: 4, Train Loss: 2.98543397, Val Loss: 0.04809242, Val Accuracy: 0.98500000
2024-07-19 12:16:05,695 - INFO - Client 1, Local Training Accuracy: 0.97366667
2024-07-19 12:16:20,635 - INFO - Client 2, Local Training Accuracy: 0.97800000
2024-07-19 12:16:35,388 - INFO - Client 3, Local Training Accuracy: 0.97933333
2024-07-19 12:16:50,363 - INFO - Client 4, Local Training Accuracy: 0.97900000
2024-07-19 12:16:50,397 - INFO - Epoch 5 time: 59.34 seconds
2024-07-19 12:16:54,495 - INFO - Epoch: 5, Train Loss: 2.83920538, Val Loss: 0.04424757, Val Accuracy: 0.98570000
2024-07-19 12:17:09,249 - INFO - Client 1, Local Training Accuracy: 0.97366667
2024-07-19 12:17:24,383 - INFO - Client 2, Local Training Accuracy: 0.97466667
2024-07-19 12:17:39,702 - INFO - Client 3, Local Training Accuracy: 0.97566667
2024-07-19 12:17:54,638 - INFO - Client 4, Local Training Accuracy: 0.97800000
2024-07-19 12:17:54,639 - INFO - Epoch 6 time: 60.14 seconds
2024-07-19 12:17:58,816 - INFO - Epoch: 6, Train Loss: 2.74867449, Val Loss: 0.04353032, Val Accuracy: 0.98640000
2024-07-19 12:18:13,778 - INFO - Client 1, Local Training Accuracy: 0.97266667
2024-07-19 12:18:28,651 - INFO - Client 2, Local Training Accuracy: 0.97733333
2024-07-19 12:18:43,377 - INFO - Client 3, Local Training Accuracy: 0.98000000
2024-07-19 12:18:58,372 - INFO - Client 4, Local Training Accuracy: 0.97700000
2024-07-19 12:18:58,372 - INFO - Epoch 7 time: 59.55 seconds
2024-07-19 12:19:02,464 - INFO - Epoch: 7, Train Loss: 2.69260095, Val Loss: 0.04342602, Val Accuracy: 0.98520000
2024-07-19 12:19:17,272 - INFO - Client 1, Local Training Accuracy: 0.97400000
2024-07-19 12:19:32,164 - INFO - Client 2, Local Training Accuracy: 0.97833333
2024-07-19 12:19:46,961 - INFO - Client 3, Local Training Accuracy: 0.97866667
2024-07-19 12:20:01,864 - INFO - Client 4, Local Training Accuracy: 0.97533333
2024-07-19 12:20:01,864 - INFO - Epoch 8 time: 59.38 seconds
2024-07-19 12:20:05,947 - INFO - Epoch: 8, Train Loss: 2.67617561, Val Loss: 0.04609423, Val Accuracy: 0.98500000
2024-07-19 12:20:20,743 - INFO - Client 1, Local Training Accuracy: 0.97800000
2024-07-19 12:20:35,675 - INFO - Client 2, Local Training Accuracy: 0.97866667
2024-07-19 12:20:50,470 - INFO - Client 3, Local Training Accuracy: 0.97933333
2024-07-19 12:21:05,411 - INFO - Client 4, Local Training Accuracy: 0.98033333
2024-07-19 12:21:05,412 - INFO - Epoch 9 time: 59.46 seconds
2024-07-19 12:21:09,530 - INFO - Epoch: 9, Train Loss: 2.63748967, Val Loss: 0.04230453, Val Accuracy: 0.98590000
2024-07-19 12:21:24,218 - INFO - Client 1, Local Training Accuracy: 0.97166667
2024-07-19 12:21:39,177 - INFO - Client 2, Local Training Accuracy: 0.97566667
2024-07-19 12:21:54,097 - INFO - Client 3, Local Training Accuracy: 0.97866667
2024-07-19 12:22:10,112 - INFO - Client 4, Local Training Accuracy: 0.98066667
2024-07-19 12:22:10,112 - INFO - Epoch 10 time: 60.58 seconds
2024-07-19 12:22:14,252 - INFO - Epoch: 10, Train Loss: 2.62520228, Val Loss: 0.04540575, Val Accuracy: 0.98470000
2024-07-19 12:22:29,698 - INFO - IID Test Loss: 0.21448902, IID Test Accuracy: 0.97880000
2024-07-19 12:22:34,254 - INFO - Bias-Neutral Test Loss: 0.04540575, Bias-Neutral Test Accuracy: 0.98470000
2024-07-19 12:22:39,798 - INFO - Bias-Conflicting Test Loss: 0.21342364, Bias-Conflicting Test Accuracy: 0.97870000
2024-07-19 12:22:49,891 - INFO - Total training time: 702.72 seconds
2024-07-19 12:22:49,891 - INFO - Total data transferred: 64.43 MB
2024-07-19 12:22:49,891 - INFO - Average CPU usage: 1.42%
2024-07-19 12:22:49,892 - INFO - Average memory usage: 82.20%
