INFO:root:Epoch: 1/10, Train Loss: 0.60975209, Val Loss: 9.97929751, Val Accuracy: 0.17916667, Bias aligned accuracy: 0.0, Bias conflicting accuracy: 1.0
INFO:root:Epoch 1 training time: 74.00 seconds
INFO:root:Saving Model State
INFO:root:Epoch: 2/10, Train Loss: 0.98782252, Val Loss: 13.72475014, Val Accuracy: 0.20725000, Bias aligned accuracy: 0.0, Bias conflicting accuracy: 1.0
INFO:root:Epoch 2 training time: 81.88 seconds
INFO:root:Epoch: 3/10, Train Loss: 0.86026878, Val Loss: 22.42168146, Val Accuracy: 0.21858333, Bias aligned accuracy: 0.09075, Bias conflicting accuracy: 1.0
INFO:root:Epoch 3 training time: 140.69 seconds
INFO:root:Epoch: 4/10, Train Loss: 1.11642002, Val Loss: 37.92126883, Val Accuracy: 0.20558333, Bias aligned accuracy: 0.04841666666666666, Bias conflicting accuracy: 1.0
INFO:root:Epoch 4 training time: 77.93 seconds
INFO:root:Epoch: 5/10, Train Loss: 1.10439082, Val Loss: 52.85520657, Val Accuracy: 0.19841667, Bias aligned accuracy: 0.14008333333333334, Bias conflicting accuracy: 0.99975
INFO:root:Epoch 5 training time: 84.46 seconds
INFO:root:Epoch: 6/10, Train Loss: 0.63902745, Val Loss: 49.93627414, Val Accuracy: 0.19808333, Bias aligned accuracy: 0.14008333333333334, Bias conflicting accuracy: 1.0
INFO:root:Epoch 6 training time: 88.93 seconds
INFO:root:Epoch: 7/10, Train Loss: 0.52643016, Val Loss: 50.07504760, Val Accuracy: 0.19658333, Bias aligned accuracy: 0.17283333333333334, Bias conflicting accuracy: 1.0
INFO:root:Epoch 7 training time: 99.26 seconds
INFO:root:Epoch: 8/10, Train Loss: 0.59604889, Val Loss: 43.00437968, Val Accuracy: 0.19658333, Bias aligned accuracy: 0.1385, Bias conflicting accuracy: 1.0
INFO:root:Epoch 8 training time: 94.40 seconds
INFO:root:Epoch: 9/10, Train Loss: 0.45200525, Val Loss: 59.83846627, Val Accuracy: 0.18200000, Bias aligned accuracy: 0.11058333333333334, Bias conflicting accuracy: 1.0
INFO:root:Epoch 9 training time: 94.01 seconds
INFO:root:Epoch: 10/10, Train Loss: 0.51454364, Val Loss: 47.13383791, Val Accuracy: 0.17591667, Bias aligned accuracy: 0.14941666666666667, Bias conflicting accuracy: 1.0
INFO:root:Epoch 10 training time: 97.68 seconds
INFO:root:Total training time: 933.36 seconds
INFO:root:Total data transferred: 16.11 MB
INFO:root:Average CPU usage: 8.89%
INFO:root:Average memory usage: 77.51%
INFO:root:Bias-Aligned Test accuracy 0.15220000
INFO:root:Bias-Neutral Test accuracy 0.17050000
INFO:root:Bias-Conflicting Test accuracy 1.00000000
INFO:root:cMNIST C Test accuracy 0.00360000
