INFO:root:Epoch: 1/10, Train Loss: 0.37630337, Val Loss: 0.02266734, Val Accuracy: 0.99250000, Bias aligned accuracy: 1.0, Bias conflicting accuracy: 0.08341666666666667
INFO:root:Epoch 1 training time: 73.63 seconds
INFO:root:Saving Model State
INFO:root:Epoch: 2/10, Train Loss: 0.26054051, Val Loss: 0.02614760, Val Accuracy: 0.99125000, Bias aligned accuracy: 0.9999166666666667, Bias conflicting accuracy: 0.11491666666666667
INFO:root:Epoch 2 training time: 69.54 seconds
INFO:root:Epoch: 3/10, Train Loss: 0.21497364, Val Loss: 0.03557197, Val Accuracy: 0.99033333, Bias aligned accuracy: 0.99975, Bias conflicting accuracy: 0.06091666666666667
INFO:root:Epoch 3 training time: 69.47 seconds
INFO:root:Epoch: 4/10, Train Loss: 0.19916692, Val Loss: 0.04000188, Val Accuracy: 0.99016667, Bias aligned accuracy: 0.99875, Bias conflicting accuracy: 0.10533333333333333
INFO:root:Epoch 4 training time: 68.68 seconds
INFO:root:Epoch: 5/10, Train Loss: 0.17585578, Val Loss: 0.03978072, Val Accuracy: 0.99116667, Bias aligned accuracy: 0.9998333333333334, Bias conflicting accuracy: 0.14991666666666667
INFO:root:Epoch 5 training time: 69.24 seconds
INFO:root:Epoch: 6/10, Train Loss: 0.14712590, Val Loss: 0.04791811, Val Accuracy: 0.98975000, Bias aligned accuracy: 0.99975, Bias conflicting accuracy: 0.15533333333333332
INFO:root:Epoch 6 training time: 69.69 seconds
INFO:root:Epoch: 7/10, Train Loss: 0.14627027, Val Loss: 0.04386529, Val Accuracy: 0.98933333, Bias aligned accuracy: 0.9995, Bias conflicting accuracy: 0.024416666666666666
INFO:root:Epoch 7 training time: 69.52 seconds
INFO:root:Epoch: 8/10, Train Loss: 0.13002001, Val Loss: 0.05056092, Val Accuracy: 0.98975000, Bias aligned accuracy: 1.0, Bias conflicting accuracy: 0.047
INFO:root:Epoch 8 training time: 71.25 seconds
INFO:root:Epoch: 9/10, Train Loss: 0.14626846, Val Loss: 0.05592545, Val Accuracy: 0.99016667, Bias aligned accuracy: 0.9999166666666667, Bias conflicting accuracy: 0.13316666666666666
INFO:root:Epoch 9 training time: 72.47 seconds
INFO:root:Epoch: 10/10, Train Loss: 0.13176384, Val Loss: 0.04678216, Val Accuracy: 0.99050000, Bias aligned accuracy: 1.0, Bias conflicting accuracy: 0.0005833333333333334
INFO:root:Epoch 10 training time: 71.85 seconds
INFO:root:Total training time: 705.39 seconds
INFO:root:Total data transferred: 16.11 MB
INFO:root:Average CPU usage: 1.32%
INFO:root:Average memory usage: 85.70%
INFO:root:Bias-Aligned Test accuracy 1.00000000
INFO:root:Bias-Neutral Test accuracy 0.99120000
INFO:root:Bias-Conflicting Test accuracy 0.00040000
INFO:root:cMNIST C Test accuracy 0.12450000
