2024-08-30 23:23:33,651 - INFO - Client 1, Local Training Accuracy: 0.13466667
2024-08-30 23:23:44,120 - INFO - Client 2, Local Training Accuracy: 0.29666667
2024-08-30 23:23:54,307 - INFO - Client 3, Local Training Accuracy: 0.13000000
2024-08-30 23:24:04,676 - INFO - Client 4, Local Training Accuracy: 0.22466667
2024-08-30 23:24:04,676 - INFO - Epoch 1 time: 41.79 seconds
2024-08-30 23:24:17,255 - INFO - Epoch: 1, Train Loss: 7.34252666, Val Loss: 5.75536619, Val Accuracy: 0.22450000, Bias aligned accuracy: 1.0000, Bias conflicting accuracy: 0.0000
2024-08-30 23:24:27,694 - INFO - Client 1, Local Training Accuracy: 0.12500000
2024-08-30 23:24:38,485 - INFO - Client 2, Local Training Accuracy: 0.18100000
2024-08-30 23:24:56,011 - INFO - Client 3, Local Training Accuracy: 0.19000000
2024-08-30 23:25:05,604 - INFO - Client 4, Local Training Accuracy: 0.15900000
2024-08-30 23:25:05,605 - INFO - Epoch 2 time: 48.34 seconds
2024-08-30 23:25:17,709 - INFO - Epoch: 2, Train Loss: 1.90523492, Val Loss: 7.25769350, Val Accuracy: 0.17780000, Bias aligned accuracy: 1.0000, Bias conflicting accuracy: 0.0000
2024-08-30 23:25:28,140 - INFO - Client 1, Local Training Accuracy: 0.12166667
2024-08-30 23:25:38,458 - INFO - Client 2, Local Training Accuracy: 0.18566667
2024-08-30 23:25:49,106 - INFO - Client 3, Local Training Accuracy: 0.15133333
2024-08-30 23:25:59,539 - INFO - Client 4, Local Training Accuracy: 0.14033333
2024-08-30 23:25:59,540 - INFO - Epoch 3 time: 41.83 seconds
2024-08-30 23:26:12,696 - INFO - Epoch: 3, Train Loss: 1.83274112, Val Loss: 7.83468476, Val Accuracy: 0.13590000, Bias aligned accuracy: 1.0000, Bias conflicting accuracy: 0.0000
2024-08-30 23:26:23,620 - INFO - Client 1, Local Training Accuracy: 0.12266667
2024-08-30 23:26:34,288 - INFO - Client 2, Local Training Accuracy: 0.13933333
2024-08-30 23:26:45,263 - INFO - Client 3, Local Training Accuracy: 0.13800000
2024-08-30 23:26:56,365 - INFO - Client 4, Local Training Accuracy: 0.13066667
2024-08-30 23:26:56,365 - INFO - Epoch 4 time: 43.67 seconds
2024-08-30 23:27:10,079 - INFO - Epoch: 4, Train Loss: 1.78866710, Val Loss: 7.82253379, Val Accuracy: 0.13560000, Bias aligned accuracy: 1.0000, Bias conflicting accuracy: 0.0000
2024-08-30 23:27:21,220 - INFO - Client 1, Local Training Accuracy: 0.14400000
2024-08-30 23:27:31,841 - INFO - Client 2, Local Training Accuracy: 0.14700000
2024-08-30 23:27:42,987 - INFO - Client 3, Local Training Accuracy: 0.14933333
2024-08-30 23:27:53,556 - INFO - Client 4, Local Training Accuracy: 0.14333333
2024-08-30 23:27:53,556 - INFO - Epoch 5 time: 43.48 seconds
2024-08-30 23:28:06,596 - INFO - Epoch: 5, Train Loss: 1.75215040, Val Loss: 7.76239019, Val Accuracy: 0.15160000, Bias aligned accuracy: 1.0000, Bias conflicting accuracy: 0.0000
2024-08-30 23:28:17,518 - INFO - Client 1, Local Training Accuracy: 0.11800000
2024-08-30 23:28:28,120 - INFO - Client 2, Local Training Accuracy: 0.13633333
2024-08-30 23:28:39,012 - INFO - Client 3, Local Training Accuracy: 0.10933333
2024-08-30 23:28:49,787 - INFO - Client 4, Local Training Accuracy: 0.12300000
2024-08-30 23:28:49,787 - INFO - Epoch 6 time: 43.19 seconds
2024-08-30 23:29:03,477 - INFO - Epoch: 6, Train Loss: 1.71792154, Val Loss: 7.86387266, Val Accuracy: 0.12000000, Bias aligned accuracy: 1.0000, Bias conflicting accuracy: 0.0000
2024-08-30 23:29:14,868 - INFO - Client 1, Local Training Accuracy: 0.10966667
2024-08-30 23:29:26,180 - INFO - Client 2, Local Training Accuracy: 0.13966667
2024-08-30 23:29:37,346 - INFO - Client 3, Local Training Accuracy: 0.11700000
2024-08-30 23:29:48,026 - INFO - Client 4, Local Training Accuracy: 0.10466667
2024-08-30 23:29:48,027 - INFO - Epoch 7 time: 44.55 seconds
2024-08-30 23:30:01,674 - INFO - Epoch: 7, Train Loss: 1.68385433, Val Loss: 8.07942939, Val Accuracy: 0.11200000, Bias aligned accuracy: 1.0000, Bias conflicting accuracy: 0.0000
2024-08-30 23:30:12,753 - INFO - Client 1, Local Training Accuracy: 0.12233333
2024-08-30 23:30:23,298 - INFO - Client 2, Local Training Accuracy: 0.12733333
2024-08-30 23:30:34,190 - INFO - Client 3, Local Training Accuracy: 0.12366667
2024-08-30 23:30:44,907 - INFO - Client 4, Local Training Accuracy: 0.10866667
2024-08-30 23:30:44,907 - INFO - Epoch 8 time: 43.23 seconds
2024-08-30 23:30:58,299 - INFO - Epoch: 8, Train Loss: 1.65340956, Val Loss: 7.87125685, Val Accuracy: 0.12400000, Bias aligned accuracy: 1.0000, Bias conflicting accuracy: 0.0000
2024-08-30 23:31:09,396 - INFO - Client 1, Local Training Accuracy: 0.10766667
2024-08-30 23:31:21,842 - INFO - Client 2, Local Training Accuracy: 0.12033333
2024-08-30 23:31:32,838 - INFO - Client 3, Local Training Accuracy: 0.10466667
2024-08-30 23:31:43,521 - INFO - Client 4, Local Training Accuracy: 0.11233333
2024-08-30 23:31:43,521 - INFO - Epoch 9 time: 45.22 seconds
2024-08-30 23:31:57,195 - INFO - Epoch: 9, Train Loss: 1.62122986, Val Loss: 7.80362606, Val Accuracy: 0.11290000, Bias aligned accuracy: 1.0000, Bias conflicting accuracy: 0.0000
2024-08-30 23:32:09,842 - INFO - Client 1, Local Training Accuracy: 0.10733333
2024-08-30 23:32:21,982 - INFO - Client 2, Local Training Accuracy: 0.12033333
2024-08-30 23:32:33,798 - INFO - Client 3, Local Training Accuracy: 0.10900000
2024-08-30 23:33:23,042 - INFO - Client 4, Local Training Accuracy: 0.11866667
2024-08-30 23:33:23,042 - INFO - Epoch 10 time: 85.85 seconds
2024-08-30 23:33:37,541 - INFO - Epoch: 10, Train Loss: 1.59078345, Val Loss: 7.88047620, Val Accuracy: 0.11580000, Bias aligned accuracy: 1.0000, Bias conflicting accuracy: 0.0000
2024-08-30 23:33:41,495 - INFO - IID Test Loss: 0.00056793, IID Test Accuracy: 1.00000000
2024-08-30 23:33:44,984 - INFO - Bias-Neutral Test Loss: 7.88047620, Bias-Neutral Test Accuracy: 0.11580000
2024-08-30 23:33:48,874 - INFO - Bias-Conflicting Test Loss: 31.67704998, Bias-Conflicting Test Accuracy: 0.00000000
2024-08-30 23:33:53,649 - INFO - C MNIST_C Test Loss: 23.28219690, C MNIST_C Test Accuracy: 0.00000000
2024-08-30 23:34:03,712 - INFO - Total training time: 894.96 seconds
2024-08-30 23:34:03,712 - INFO - Total data transferred: 64.43 MB
2024-08-30 23:34:03,712 - INFO - Average CPU usage: 0.79%
2024-08-30 23:34:03,712 - INFO - Average memory usage: 83.10%
