2024-07-19 12:28:21,098 - INFO - Client 1, Local Training Accuracy: 0.13866667
2024-07-19 12:28:35,234 - INFO - Client 2, Local Training Accuracy: 0.96100000
2024-07-19 12:28:51,871 - INFO - Client 3, Local Training Accuracy: 0.96833333
2024-07-19 12:29:08,117 - INFO - Client 4, Local Training Accuracy: 0.97033333
2024-07-19 12:29:08,117 - INFO - Epoch 1 time: 61.11 seconds
2024-07-19 12:29:12,738 - INFO - Epoch: 1, Train Loss: 4.49346175, Val Loss: 0.48748890, Val Accuracy: 0.95720000
2024-07-19 12:29:28,694 - INFO - Client 1, Local Training Accuracy: 0.30333333
2024-07-19 12:29:43,740 - INFO - Client 2, Local Training Accuracy: 0.96766667
2024-07-19 12:29:58,597 - INFO - Client 3, Local Training Accuracy: 0.97500000
2024-07-19 12:30:13,917 - INFO - Client 4, Local Training Accuracy: 0.97333333
2024-07-19 12:30:13,917 - INFO - Epoch 2 time: 61.09 seconds
2024-07-19 12:30:18,183 - INFO - Epoch: 2, Train Loss: 3.20538682, Val Loss: 0.10652472, Val Accuracy: 0.96760000
2024-07-19 12:30:32,948 - INFO - Client 1, Local Training Accuracy: 0.38466667
2024-07-19 12:30:48,111 - INFO - Client 2, Local Training Accuracy: 0.97200000
2024-07-19 12:31:03,218 - INFO - Client 3, Local Training Accuracy: 0.97333333
2024-07-19 12:31:18,418 - INFO - Client 4, Local Training Accuracy: 0.97000000
2024-07-19 12:31:18,418 - INFO - Epoch 3 time: 60.23 seconds
2024-07-19 12:31:22,706 - INFO - Epoch: 3, Train Loss: 2.94306964, Val Loss: 0.07510365, Val Accuracy: 0.97700000
2024-07-19 12:31:37,579 - INFO - Client 1, Local Training Accuracy: 0.33700000
2024-07-19 12:31:52,773 - INFO - Client 2, Local Training Accuracy: 0.97166667
2024-07-19 12:32:08,234 - INFO - Client 3, Local Training Accuracy: 0.97300000
2024-07-19 12:32:24,048 - INFO - Client 4, Local Training Accuracy: 0.97333333
2024-07-19 12:32:24,048 - INFO - Epoch 4 time: 61.34 seconds
2024-07-19 12:32:28,372 - INFO - Epoch: 4, Train Loss: 2.74801972, Val Loss: 0.06654033, Val Accuracy: 0.97900000
2024-07-19 12:32:44,110 - INFO - Client 1, Local Training Accuracy: 0.43833333
2024-07-19 12:32:59,410 - INFO - Client 2, Local Training Accuracy: 0.97600000
2024-07-19 12:33:14,634 - INFO - Client 3, Local Training Accuracy: 0.97300000
2024-07-19 12:33:30,107 - INFO - Client 4, Local Training Accuracy: 0.96833333
2024-07-19 12:33:30,107 - INFO - Epoch 5 time: 61.73 seconds
2024-07-19 12:33:34,370 - INFO - Epoch: 5, Train Loss: 2.62462996, Val Loss: 0.06815452, Val Accuracy: 0.97860000
2024-07-19 12:33:49,349 - INFO - Client 1, Local Training Accuracy: 0.34233333
2024-07-19 12:34:04,699 - INFO - Client 2, Local Training Accuracy: 0.97533333
2024-07-19 12:34:19,982 - INFO - Client 3, Local Training Accuracy: 0.97433333
2024-07-19 12:34:35,373 - INFO - Client 4, Local Training Accuracy: 0.97066667
2024-07-19 12:34:35,373 - INFO - Epoch 6 time: 61.00 seconds
2024-07-19 12:34:39,637 - INFO - Epoch: 6, Train Loss: 2.57404183, Val Loss: 0.06845862, Val Accuracy: 0.97900000
2024-07-19 12:34:54,747 - INFO - Client 1, Local Training Accuracy: 0.42533333
2024-07-19 12:35:10,290 - INFO - Client 2, Local Training Accuracy: 0.97500000
2024-07-19 12:35:25,546 - INFO - Client 3, Local Training Accuracy: 0.97500000
2024-07-19 12:35:41,008 - INFO - Client 4, Local Training Accuracy: 0.97033333
2024-07-19 12:35:41,008 - INFO - Epoch 7 time: 61.37 seconds
2024-07-19 12:35:45,248 - INFO - Epoch: 7, Train Loss: 2.50184061, Val Loss: 0.06358105, Val Accuracy: 0.98080000
2024-07-19 12:36:00,395 - INFO - Client 1, Local Training Accuracy: 0.45700000
2024-07-19 12:36:16,117 - INFO - Client 2, Local Training Accuracy: 0.97366667
2024-07-19 12:36:31,328 - INFO - Client 3, Local Training Accuracy: 0.97633333
2024-07-19 12:36:46,843 - INFO - Client 4, Local Training Accuracy: 0.97433333
2024-07-19 12:36:46,844 - INFO - Epoch 8 time: 61.59 seconds
2024-07-19 12:36:51,208 - INFO - Epoch: 8, Train Loss: 2.43879102, Val Loss: 0.06384865, Val Accuracy: 0.98010000
2024-07-19 12:37:06,467 - INFO - Client 1, Local Training Accuracy: 0.58133333
2024-07-19 12:37:22,142 - INFO - Client 2, Local Training Accuracy: 0.97500000
2024-07-19 12:37:38,557 - INFO - Client 3, Local Training Accuracy: 0.97366667
2024-07-19 12:37:54,066 - INFO - Client 4, Local Training Accuracy: 0.98000000
2024-07-19 12:37:54,066 - INFO - Epoch 9 time: 62.86 seconds
2024-07-19 12:37:58,314 - INFO - Epoch: 9, Train Loss: 2.41229053, Val Loss: 0.05964696, Val Accuracy: 0.98040000
2024-07-19 12:38:13,480 - INFO - Client 1, Local Training Accuracy: 0.54066667
2024-07-19 12:38:28,816 - INFO - Client 2, Local Training Accuracy: 0.97800000
2024-07-19 12:38:43,952 - INFO - Client 3, Local Training Accuracy: 0.97700000
2024-07-19 12:38:59,394 - INFO - Client 4, Local Training Accuracy: 0.97500000
2024-07-19 12:38:59,394 - INFO - Epoch 10 time: 61.07 seconds
2024-07-19 12:39:03,647 - INFO - Epoch: 10, Train Loss: 2.37510964, Val Loss: 0.05838405, Val Accuracy: 0.98160000
2024-07-19 12:39:20,187 - INFO - IID Test Loss: 0.18703321, IID Test Accuracy: 0.98180000
2024-07-19 12:39:24,851 - INFO - Bias-Neutral Test Loss: 0.05838405, Bias-Neutral Test Accuracy: 0.98160000
2024-07-19 12:39:30,107 - INFO - Bias-Conflicting Test Loss: 0.45047710, Bias-Conflicting Test Accuracy: 0.89980000
2024-07-19 12:39:40,203 - INFO - Total training time: 722.29 seconds
2024-07-19 12:39:40,203 - INFO - Total data transferred: 64.43 MB
2024-07-19 12:39:40,203 - INFO - Average CPU usage: 4.24%
2024-07-19 12:39:40,204 - INFO - Average memory usage: 88.40%
