INFO:root:Epoch: 1/10, Train Loss: 3.77254412, Val Loss: 0.17281548, Val Accuracy: 0.94800000, Bias aligned accuracy: 0.8455833333333334, Bias conflicting accuracy: 0.09758333333333333
INFO:root:Epoch 1 training time: 49.92 seconds
INFO:root:Saving Model State
INFO:root:Epoch: 2/10, Train Loss: 0.88106504, Val Loss: 0.11304374, Val Accuracy: 0.96716667, Bias aligned accuracy: 0.9196666666666666, Bias conflicting accuracy: 0.06825
INFO:root:Epoch 2 training time: 47.96 seconds
INFO:root:Saving Model State
INFO:root:Epoch: 3/10, Train Loss: 0.61226713, Val Loss: 0.08279783, Val Accuracy: 0.97575000, Bias aligned accuracy: 0.91925, Bias conflicting accuracy: 0.043333333333333335
INFO:root:Epoch 3 training time: 46.99 seconds
INFO:root:Saving Model State
INFO:root:Epoch: 4/10, Train Loss: 0.46339679, Val Loss: 0.07352010, Val Accuracy: 0.97783333, Bias aligned accuracy: 0.98575, Bias conflicting accuracy: 0.07125
INFO:root:Epoch 4 training time: 47.08 seconds
INFO:root:Saving Model State
INFO:root:Epoch: 5/10, Train Loss: 0.37184984, Val Loss: 0.06797812, Val Accuracy: 0.98050000, Bias aligned accuracy: 0.9865, Bias conflicting accuracy: 0.08525
INFO:root:Epoch 5 training time: 46.92 seconds
INFO:root:Saving Model State
INFO:root:Epoch: 6/10, Train Loss: 0.29674399, Val Loss: 0.06520420, Val Accuracy: 0.98100000, Bias aligned accuracy: 0.9891666666666666, Bias conflicting accuracy: 0.05608333333333333
INFO:root:Epoch 6 training time: 47.12 seconds
INFO:root:Saving Model State
INFO:root:Epoch: 7/10, Train Loss: 0.27924628, Val Loss: 0.05960528, Val Accuracy: 0.98291667, Bias aligned accuracy: 0.9959166666666667, Bias conflicting accuracy: 0.09358333333333334
INFO:root:Epoch 7 training time: 47.85 seconds
INFO:root:Saving Model State
INFO:root:Epoch: 8/10, Train Loss: 0.24853578, Val Loss: 0.05664778, Val Accuracy: 0.98408333, Bias aligned accuracy: 0.99625, Bias conflicting accuracy: 0.07191666666666667
INFO:root:Epoch 8 training time: 49.04 seconds
INFO:root:Saving Model State
INFO:root:Epoch: 9/10, Train Loss: 0.20514804, Val Loss: 0.05366892, Val Accuracy: 0.98516667, Bias aligned accuracy: 0.9961666666666666, Bias conflicting accuracy: 0.08825
INFO:root:Epoch 9 training time: 47.09 seconds
INFO:root:Saving Model State
INFO:root:Epoch: 10/10, Train Loss: 0.18024463, Val Loss: 0.06016279, Val Accuracy: 0.98291667, Bias aligned accuracy: 0.99575, Bias conflicting accuracy: 0.07766666666666666
INFO:root:Epoch 10 training time: 70.28 seconds
INFO:root:Total training time: 500.38 seconds
INFO:root:Total data transferred: 16.11 MB
INFO:root:Average CPU usage: 1.00%
INFO:root:Average memory usage: 84.30%
INFO:root:Bias-Aligned Test accuracy 0.99590000
INFO:root:Bias-Neutral Test accuracy 0.98680000
INFO:root:Bias-Conflicting Test accuracy 0.07980000
INFO:root:cMNIST C Test accuracy 0.31260000
