2024-07-19 13:07:46,990 - INFO - Client 1, Local Training Accuracy: 0.12766667
2024-07-19 13:08:01,961 - INFO - Client 2, Local Training Accuracy: 0.10733333
2024-07-19 13:08:17,006 - INFO - Client 3, Local Training Accuracy: 0.13066667
2024-07-19 13:08:31,810 - INFO - Client 4, Local Training Accuracy: 0.13900000
2024-07-19 13:08:31,810 - INFO - Epoch 1 time: 59.08 seconds
2024-07-19 13:08:36,085 - INFO - Epoch: 1, Train Loss: 2.42537971, Val Loss: 3.28750183, Val Accuracy: 0.16560000
2024-07-19 13:08:50,386 - INFO - Client 1, Local Training Accuracy: 0.10600000
2024-07-19 13:09:05,110 - INFO - Client 2, Local Training Accuracy: 0.10000000
2024-07-19 13:09:19,975 - INFO - Client 3, Local Training Accuracy: 0.13266667
2024-07-19 13:09:35,438 - INFO - Client 4, Local Training Accuracy: 0.18200000
2024-07-19 13:09:35,439 - INFO - Epoch 2 time: 59.34 seconds
2024-07-19 13:09:40,207 - INFO - Epoch: 2, Train Loss: 1.59466385, Val Loss: 6.17213720, Val Accuracy: 0.16400000
2024-07-19 13:09:54,886 - INFO - Client 1, Local Training Accuracy: 0.10366667
2024-07-19 13:10:10,355 - INFO - Client 2, Local Training Accuracy: 0.11666667
2024-07-19 13:10:24,787 - INFO - Client 3, Local Training Accuracy: 0.09200000
2024-07-19 13:10:39,566 - INFO - Client 4, Local Training Accuracy: 0.16200000
2024-07-19 13:10:39,566 - INFO - Epoch 3 time: 59.36 seconds
2024-07-19 13:10:43,722 - INFO - Epoch: 3, Train Loss: 1.35029390, Val Loss: 6.32614960, Val Accuracy: 0.15700000
2024-07-19 13:10:58,904 - INFO - Client 1, Local Training Accuracy: 0.17200000
2024-07-19 13:11:13,708 - INFO - Client 2, Local Training Accuracy: 0.12533333
2024-07-19 13:11:28,339 - INFO - Client 3, Local Training Accuracy: 0.15633333
2024-07-19 13:11:43,105 - INFO - Client 4, Local Training Accuracy: 0.09900000
2024-07-19 13:11:43,105 - INFO - Epoch 4 time: 59.38 seconds
2024-07-19 13:11:47,376 - INFO - Epoch: 4, Train Loss: 1.18666338, Val Loss: 7.91176179, Val Accuracy: 0.14900000
2024-07-19 13:12:02,252 - INFO - Client 1, Local Training Accuracy: 0.17566667
2024-07-19 13:12:17,569 - INFO - Client 2, Local Training Accuracy: 0.11366667
2024-07-19 13:12:32,775 - INFO - Client 3, Local Training Accuracy: 0.14933333
2024-07-19 13:12:48,682 - INFO - Client 4, Local Training Accuracy: 0.17600000
2024-07-19 13:12:48,682 - INFO - Epoch 5 time: 61.30 seconds
2024-07-19 13:12:52,863 - INFO - Epoch: 5, Train Loss: 1.07677355, Val Loss: 7.09409747, Val Accuracy: 0.16610000
2024-07-19 13:13:07,672 - INFO - Client 1, Local Training Accuracy: 0.13700000
2024-07-19 13:13:22,730 - INFO - Client 2, Local Training Accuracy: 0.15166667
2024-07-19 13:13:37,504 - INFO - Client 3, Local Training Accuracy: 0.10566667
2024-07-19 13:13:52,517 - INFO - Client 4, Local Training Accuracy: 0.17066667
2024-07-19 13:13:52,517 - INFO - Epoch 6 time: 59.65 seconds
2024-07-19 13:13:56,841 - INFO - Epoch: 6, Train Loss: 1.00315166, Val Loss: 7.38037321, Val Accuracy: 0.16800000
2024-07-19 13:14:13,114 - INFO - Client 1, Local Training Accuracy: 0.10500000
2024-07-19 13:14:29,057 - INFO - Client 2, Local Training Accuracy: 0.10066667
2024-07-19 13:14:43,850 - INFO - Client 3, Local Training Accuracy: 0.09533333
2024-07-19 13:14:59,087 - INFO - Client 4, Local Training Accuracy: 0.13866667
2024-07-19 13:14:59,087 - INFO - Epoch 7 time: 62.25 seconds
2024-07-19 13:15:03,232 - INFO - Epoch: 7, Train Loss: 0.99769512, Val Loss: 7.40091997, Val Accuracy: 0.09880000
2024-07-19 13:15:18,359 - INFO - Client 1, Local Training Accuracy: 0.11466667
2024-07-19 13:15:33,576 - INFO - Client 2, Local Training Accuracy: 0.09466667
2024-07-19 13:15:48,496 - INFO - Client 3, Local Training Accuracy: 0.15500000
2024-07-19 13:16:04,067 - INFO - Client 4, Local Training Accuracy: 0.09900000
2024-07-19 13:16:04,068 - INFO - Epoch 8 time: 60.84 seconds
2024-07-19 13:16:08,314 - INFO - Epoch: 8, Train Loss: 0.97097259, Val Loss: 6.75564693, Val Accuracy: 0.09810000
2024-07-19 13:16:23,998 - INFO - Client 1, Local Training Accuracy: 0.10900000
2024-07-19 13:16:39,727 - INFO - Client 2, Local Training Accuracy: 0.10766667
2024-07-19 13:16:54,818 - INFO - Client 3, Local Training Accuracy: 0.09100000
2024-07-19 13:17:09,928 - INFO - Client 4, Local Training Accuracy: 0.16766667
2024-07-19 13:17:09,928 - INFO - Epoch 9 time: 61.61 seconds
2024-07-19 13:17:14,043 - INFO - Epoch: 9, Train Loss: 0.97572606, Val Loss: 6.95433154, Val Accuracy: 0.10510000
2024-07-19 13:17:28,884 - INFO - Client 1, Local Training Accuracy: 0.14533333
2024-07-19 13:17:44,256 - INFO - Client 2, Local Training Accuracy: 0.09533333
2024-07-19 13:18:00,067 - INFO - Client 3, Local Training Accuracy: 0.09500000
2024-07-19 13:18:15,356 - INFO - Client 4, Local Training Accuracy: 0.15533333
2024-07-19 13:18:15,356 - INFO - Epoch 10 time: 61.31 seconds
2024-07-19 13:18:19,503 - INFO - Epoch: 10, Train Loss: 0.94430529, Val Loss: 7.62771192, Val Accuracy: 0.09880000
2024-07-19 13:18:35,909 - INFO - IID Test Loss: 0.00080420, IID Test Accuracy: 1.00000000
2024-07-19 13:18:39,985 - INFO - Bias-Neutral Test Loss: 7.62771192, Bias-Neutral Test Accuracy: 0.09880000
2024-07-19 13:18:44,622 - INFO - Bias-Conflicting Test Loss: 20.62350416, Bias-Conflicting Test Accuracy: 0.00000000
2024-07-19 13:18:54,711 - INFO - Total training time: 721.81 seconds
2024-07-19 13:18:54,711 - INFO - Total data transferred: 64.43 MB
2024-07-19 13:18:54,711 - INFO - Average CPU usage: 1.13%
2024-07-19 13:18:54,711 - INFO - Average memory usage: 86.40%
